<?xml version="1.0" encoding="UTF-8"?>
<testsuite xmlns:xsi="http://www.w3.org/2001/XMLSchema-instance" xsi:noNamespaceSchemaLocation="https://maven.apache.org/surefire/maven-surefire-plugin/xsd/surefire-test-report-3.0.xsd" version="3.0" name="com.gitsat.backend.AuthControllerTest" time="6.778" tests="12" errors="0" skipped="0" failures="0">
  <properties>
[...]
</properties>
  <testcase name="deviceCodeReturnsVerificationUrlPointingToDevice" classname="com.gitsat.backend.AuthControllerTest" time="0.365">
    <system-out><![CDATA[16:11:47.217 [main] INFO org.springframework.test.context.support.AnnotationConfigContextLoaderUtils -- Could not detect default configuration classes for test class [com.gitsat.backend.AuthControllerTest]: AuthControllerTest does not declare any static, non-private, non-final, nested classes annotated with @Configuration.
16:11:47.338 [main] INFO org.springframework.boot.test.context.SpringBootTestContextBootstrapper -- Found @SpringBootConfiguration com.gitsat.backend.GitSatApplication for test class com.gitsat.backend.AuthControllerTest
 ██████╗ ██╗████████╗     ███████╗ █████╗ ████████╗
██╔════╝ ██║╚══██╔══╝     ██╔════╝██╔══██╗╚══██╔══╝
██║  ███╗██║   ██║        ███████╗███████║   ██║   
██║   ██║██║   ██║        ╚════██║██╔══██║   ██║   
╚██████╔╝██║   ██║        ███████║██║  ██║   ██║   
 ╚═════╝ ╚═╝   ╚═╝        ╚══════╝╚═╝  ╚═╝   ╚═╝   

git-sat

2026-04-13T16:11:47.933+05:30  INFO 24932 --- [git-sat] [           main] com.gitsat.backend.AuthControllerTest    : Starting AuthControllerTest using Java 21.0.9 with PID 24932 (started by HARSH in D:\git-sat backend)
2026-04-13T16:11:47.942+05:30  INFO 24932 --- [git-sat] [           main] com.gitsat.backend.AuthControllerTest    : No active profile set, falling back to 1 default profile: "default"
2026-04-13T16:11:47.943+05:30 DEBUG 24932 --- [git-sat] [           main] o.s.boot.SpringApplication               : Loading source class com.gitsat.backend.GitSatApplication
2026-04-13T16:11:47.970+05:30 DEBUG 24932 --- [git-sat] [           main] ConfigServletWebServerApplicationContext : Refreshing org.springframework.boot.web.servlet.context.AnnotationConfigServletWebServerApplicationContext@2a7b6f69
2026-04-13T16:11:50.431+05:30 DEBUG 24932 --- [git-sat] [           main] .s.b.w.e.t.TomcatServletWebServerFactory : Code archive: C:\Users\HARSH\.m2\repository\org\springframework\boot\spring-boot\3.2.4\spring-boot-3.2.4.jar
2026-04-13T16:11:50.431+05:30 DEBUG 24932 --- [git-sat] [           main] .s.b.w.e.t.TomcatServletWebServerFactory : Code archive: C:\Users\HARSH\.m2\repository\org\springframework\boot\spring-boot\3.2.4\spring-boot-3.2.4.jar
2026-04-13T16:11:50.432+05:30 DEBUG 24932 --- [git-sat] [           main] .s.b.w.e.t.TomcatServletWebServerFactory : None of the document roots [src/main/webapp, public, static] point to a directory and will be ignored.
2026-04-13T16:11:50.464+05:30  INFO 24932 --- [git-sat] [           main] o.s.b.w.embedded.tomcat.TomcatWebServer  : Tomcat initialized with port 0 (http)
2026-04-13T16:11:50.489+05:30  INFO 24932 --- [git-sat] [           main] o.apache.catalina.core.StandardService   : Starting service [Tomcat]
2026-04-13T16:11:50.490+05:30  INFO 24932 --- [git-sat] [           main] o.apache.catalina.core.StandardEngine    : Starting Servlet engine: [Apache Tomcat/10.1.19]
2026-04-13T16:11:50.591+05:30  INFO 24932 --- [git-sat] [           main] o.a.c.c.C.[Tomcat].[localhost].[/]       : Initializing Spring embedded WebApplicationContext
2026-04-13T16:11:50.592+05:30 DEBUG 24932 --- [git-sat] [           main] w.s.c.ServletWebServerApplicationContext : Published root WebApplicationContext as ServletContext attribute with name [org.springframework.web.context.WebApplicationContext.ROOT]
2026-04-13T16:11:50.593+05:30  INFO 24932 --- [git-sat] [           main] w.s.c.ServletWebServerApplicationContext : Root WebApplicationContext: initialization completed in 2622 ms
2026-04-13T16:11:50.627+05:30 DEBUG 24932 --- [git-sat] [           main] o.s.b.a.AutoConfigurationPackages        : @EnableAutoConfiguration was declared on a class in the package 'com.gitsat.backend'. Automatic @Repository and @Entity scanning is enabled.
2026-04-13T16:11:50.685+05:30  WARN 24932 --- [git-sat] [           main] com.gitsat.backend.auth.JwtUtil          : AUTH_TOKEN_SECRET is not configured. Generated an in-memory signing secret; auth cookies and CLI tokens will reset on restart.
2026-04-13T16:11:50.704+05:30 DEBUG 24932 --- [git-sat] [           main] o.s.b.w.s.ServletContextInitializerBeans : Mapping filters: springSecurityFilterChain urls=[/*] order=-100, characterEncodingFilter urls=[/*] order=-2147483648, formContentFilter urls=[/*] order=-9900, requestContextFilter urls=[/*] order=-105, jwtFilter urls=[/*] order=2147483647, requestLoggingFilter urls=[/*] order=2147483647
2026-04-13T16:11:50.705+05:30 DEBUG 24932 --- [git-sat] [           main] o.s.b.w.s.ServletContextInitializerBeans : Mapping servlets: dispatcherServlet urls=[/]
2026-04-13T16:11:50.742+05:30 DEBUG 24932 --- [git-sat] [           main] o.s.b.w.s.f.OrderedRequestContextFilter  : Filter 'requestContextFilter' configured for use
2026-04-13T16:11:50.745+05:30 DEBUG 24932 --- [git-sat] [           main] s.b.w.s.f.OrderedCharacterEncodingFilter : Filter 'characterEncodingFilter' configured for use
2026-04-13T16:11:50.746+05:30 DEBUG 24932 --- [git-sat] [           main] .DelegatingFilterProxyRegistrationBean$1 : Filter 'springSecurityFilterChain' configured for use
2026-04-13T16:11:50.746+05:30 DEBUG 24932 --- [git-sat] [           main] o.s.b.w.s.f.OrderedFormContentFilter     : Filter 'formContentFilter' configured for use
2026-04-13T16:11:51.393+05:30 DEBUG 24932 --- [git-sat] [           main] s.w.s.m.m.a.RequestMappingHandlerMapping : 21 mappings in 'requestMappingHandlerMapping'
2026-04-13T16:11:51.462+05:30 DEBUG 24932 --- [git-sat] [           main] o.s.w.s.handler.SimpleUrlHandlerMapping  : Patterns [/webjars/**, /**, /assets/**] in 'resourceHandlerMapping'
2026-04-13T16:11:51.497+05:30  INFO 24932 --- [git-sat] [           main] o.s.s.web.DefaultSecurityFilterChain     : Will secure any request with [org.springframework.security.web.session.DisableEncodeUrlFilter@37caecda, org.springframework.security.web.context.request.async.WebAsyncManagerIntegrationFilter@7be7c052, org.springframework.security.web.context.SecurityContextHolderFilter@2fcc5f49, org.springframework.security.web.header.HeaderWriterFilter@1efcba00, org.springframework.web.filter.CorsFilter@4ab9d160, org.springframework.security.web.authentication.logout.LogoutFilter@2619cb76, com.gitsat.backend.auth.JwtFilter@58882a93, org.springframework.security.web.savedrequest.RequestCacheAwareFilter@6cde0c69, org.springframework.security.web.servletapi.SecurityContextHolderAwareRequestFilter@6f4d2294, org.springframework.security.web.authentication.AnonymousAuthenticationFilter@5599dc60, org.springframework.security.web.session.SessionManagementFilter@569a26ab, org.springframework.security.web.access.ExceptionTranslationFilter@65e05005, org.springframework.security.web.access.intercept.AuthorizationFilter@8b89b3a]
2026-04-13T16:11:51.578+05:30 DEBUG 24932 --- [git-sat] [           main] s.w.s.m.m.a.RequestMappingHandlerAdapter : ControllerAdvice beans: 0 @ModelAttribute, 0 @InitBinder, 1 RequestBodyAdvice, 1 ResponseBodyAdvice
2026-04-13T16:11:51.626+05:30 DEBUG 24932 --- [git-sat] [           main] .m.m.a.ExceptionHandlerExceptionResolver : ControllerAdvice beans: 0 @ExceptionHandler, 1 ResponseBodyAdvice
2026-04-13T16:11:51.799+05:30  INFO 24932 --- [git-sat] [           main] o.s.b.w.embedded.tomcat.TomcatWebServer  : Tomcat started on port 51602 (http) with context path ''
2026-04-13T16:11:51.811+05:30 DEBUG 24932 --- [git-sat] [           main] .s.b.a.l.ConditionEvaluationReportLogger : 


============================
CONDITIONS EVALUATION REPORT
============================


Positive matches:
-----------------

   AopAutoConfiguration matched:
      - @ConditionalOnProperty (spring.aop.auto=true) matched (OnPropertyCondition)

   AopAutoConfiguration.ClassProxyingConfiguration matched:
      - @ConditionalOnMissingClass did not find unwanted class 'org.aspectj.weaver.Advice' (OnClassCondition)
      - @ConditionalOnProperty (spring.aop.proxy-target-class=true) matched (OnPropertyCondition)

   ApplicationAvailabilityAutoConfiguration#applicationAvailability matched:
      - @ConditionalOnMissingBean (types: org.springframework.boot.availability.ApplicationAvailability; SearchStrategy: all) did not find any beans (OnBeanCondition)

   DispatcherServletAutoConfiguration matched:
      - @ConditionalOnClass found required class 'org.springframework.web.servlet.DispatcherServlet' (OnClassCondition)
      - found 'session' scope (OnWebApplicationCondition)

   DispatcherServletAutoConfiguration.DispatcherServletConfiguration matched:
      - @ConditionalOnClass found required class 'jakarta.servlet.ServletRegistration' (OnClassCondition)
      - Default DispatcherServlet did not find dispatcher servlet beans (DispatcherServletAutoConfiguration.DefaultDispatcherServletCondition)

   DispatcherServletAutoConfiguration.DispatcherServletRegistrationConfiguration matched:
      - @ConditionalOnClass found required class 'jakarta.servlet.ServletRegistration' (OnClassCondition)
      - DispatcherServlet Registration did not find servlet registration bean (DispatcherServletAutoConfiguration.DispatcherServletRegistrationCondition)

   DispatcherServletAutoConfiguration.DispatcherServletRegistrationConfiguration#dispatcherServletRegistration matched:
      - @ConditionalOnBean (names: dispatcherServlet types: org.springframework.web.servlet.DispatcherServlet; SearchStrategy: all) found bean 'dispatcherServlet' (OnBeanCondition)

   EmbeddedWebServerFactoryCustomizerAutoConfiguration matched:
      - @ConditionalOnWebApplication (required) found 'session' scope (OnWebApplicationCondition)
      - @ConditionalOnWarDeployment the application is not deployed as a WAR file. (OnWarDeploymentCondition)

   EmbeddedWebServerFactoryCustomizerAutoConfiguration.TomcatWebServerFactoryCustomizerConfiguration matched:
      - @ConditionalOnClass found required classes 'org.apache.catalina.startup.Tomcat', 'org.apache.coyote.UpgradeProtocol' (OnClassCondition)

   ErrorMvcAutoConfiguration matched:
      - @ConditionalOnClass found required classes 'jakarta.servlet.Servlet', 'org.springframework.web.servlet.DispatcherServlet' (OnClassCondition)
      - found 'session' scope (OnWebApplicationCondition)

   ErrorMvcAutoConfiguration#basicErrorController matched:
      - @ConditionalOnMissingBean (types: org.springframework.boot.web.servlet.error.ErrorController; SearchStrategy: current) did not find any beans (OnBeanCondition)

   ErrorMvcAutoConfiguration#errorAttributes matched:
      - @ConditionalOnMissingBean (types: org.springframework.boot.web.servlet.error.ErrorAttributes; SearchStrategy: current) did not find any beans (OnBeanCondition)

   ErrorMvcAutoConfiguration.DefaultErrorViewResolverConfiguration#conventionErrorViewResolver matched:
      - @ConditionalOnBean (types: org.springframework.web.servlet.DispatcherServlet; SearchStrategy: all) found bean 'dispatcherServlet'; @ConditionalOnMissingBean (types: org.springframework.boot.autoconfigure.web.servlet.error.ErrorViewResolver; SearchStrategy: all) did not find any beans (OnBeanCondition)

   ErrorMvcAutoConfiguration.WhitelabelErrorViewConfiguration matched:
      - @ConditionalOnProperty (server.error.whitelabel.enabled) matched (OnPropertyCondition)
      - ErrorTemplate Missing did not find error template view (ErrorMvcAutoConfiguration.ErrorTemplateMissingCondition)

   ErrorMvcAutoConfiguration.WhitelabelErrorViewConfiguration#beanNameViewResolver matched:
      - @ConditionalOnMissingBean (types: org.springframework.web.servlet.view.BeanNameViewResolver; SearchStrategy: all) did not find any beans (OnBeanCondition)

   ErrorMvcAutoConfiguration.WhitelabelErrorViewConfiguration#defaultErrorView matched:
      - @ConditionalOnMissingBean (names: error; SearchStrategy: all) did not find any beans (OnBeanCondition)

   GenericCacheConfiguration matched:
      - Cache org.springframework.boot.autoconfigure.cache.GenericCacheConfiguration automatic cache type (CacheCondition)

   HttpEncodingAutoConfiguration matched:
      - @ConditionalOnClass found required class 'org.springframework.web.filter.CharacterEncodingFilter' (OnClassCondition)
      - found 'session' scope (OnWebApplicationCondition)
      - @ConditionalOnProperty (server.servlet.encoding.enabled) matched (OnPropertyCondition)

   HttpEncodingAutoConfiguration#characterEncodingFilter matched:
      - @ConditionalOnMissingBean (types: org.springframework.web.filter.CharacterEncodingFilter; SearchStrategy: all) did not find any beans (OnBeanCondition)

   HttpMessageConvertersAutoConfiguration matched:
      - @ConditionalOnClass found required class 'org.springframework.http.converter.HttpMessageConverter' (OnClassCondition)
      - NoneNestedConditions 0 matched 1 did not; NestedCondition on HttpMessageConvertersAutoConfiguration.NotReactiveWebApplicationCondition.ReactiveWebApplication did not find reactive web application classes (HttpMessageConvertersAutoConfiguration.NotReactiveWebApplicationCondition)

   HttpMessageConvertersAutoConfiguration#messageConverters matched:
      - @ConditionalOnMissingBean (types: org.springframework.boot.autoconfigure.http.HttpMessageConverters; SearchStrategy: all) did not find any beans (OnBeanCondition)

   HttpMessageConvertersAutoConfiguration.StringHttpMessageConverterConfiguration matched:
      - @ConditionalOnClass found required class 'org.springframework.http.converter.StringHttpMessageConverter' (OnClassCondition)

   HttpMessageConvertersAutoConfiguration.StringHttpMessageConverterConfiguration#stringHttpMessageConverter matched:
      - @ConditionalOnMissingBean (types: org.springframework.http.converter.StringHttpMessageConverter; SearchStrategy: all) did not find any beans (OnBeanCondition)

   JacksonAutoConfiguration matched:
      - @ConditionalOnClass found required class 'com.fasterxml.jackson.databind.ObjectMapper' (OnClassCondition)

   JacksonAutoConfiguration.Jackson2ObjectMapperBuilderCustomizerConfiguration matched:
      - @ConditionalOnClass found required class 'org.springframework.http.converter.json.Jackson2ObjectMapperBuilder' (OnClassCondition)

   JacksonAutoConfiguration.JacksonObjectMapperBuilderConfiguration matched:
      - @ConditionalOnClass found required class 'org.springframework.http.converter.json.Jackson2ObjectMapperBuilder' (OnClassCondition)

   JacksonAutoConfiguration.JacksonObjectMapperBuilderConfiguration#jacksonObjectMapperBuilder matched:
      - @ConditionalOnMissingBean (types: org.springframework.http.converter.json.Jackson2ObjectMapperBuilder; SearchStrategy: all) did not find any beans (OnBeanCondition)

   JacksonAutoConfiguration.JacksonObjectMapperConfiguration matched:
      - @ConditionalOnClass found required class 'org.springframework.http.converter.json.Jackson2ObjectMapperBuilder' (OnClassCondition)

   JacksonAutoConfiguration.JacksonObjectMapperConfiguration#jacksonObjectMapper matched:
      - @ConditionalOnMissingBean (types: com.fasterxml.jackson.databind.ObjectMapper; SearchStrategy: all) did not find any beans (OnBeanCondition)

   JacksonAutoConfiguration.ParameterNamesModuleConfiguration matched:
      - @ConditionalOnClass found required class 'com.fasterxml.jackson.module.paramnames.ParameterNamesModule' (OnClassCondition)

   JacksonAutoConfiguration.ParameterNamesModuleConfiguration#parameterNamesModule matched:
      - @ConditionalOnMissingBean (types: com.fasterxml.jackson.module.paramnames.ParameterNamesModule; SearchStrategy: all) did not find any beans (OnBeanCondition)

   JacksonHttpMessageConvertersConfiguration.MappingJackson2HttpMessageConverterConfiguration matched:
      - @ConditionalOnClass found required class 'com.fasterxml.jackson.databind.ObjectMapper' (OnClassCondition)
      - @ConditionalOnProperty (spring.mvc.converters.preferred-json-mapper=jackson) matched (OnPropertyCondition)
      - @ConditionalOnBean (types: com.fasterxml.jackson.databind.ObjectMapper; SearchStrategy: all) found bean 'jacksonObjectMapper' (OnBeanCondition)

   JacksonHttpMessageConvertersConfiguration.MappingJackson2HttpMessageConverterConfiguration#mappingJackson2HttpMessageConverter matched:
      - @ConditionalOnMissingBean (types: org.springframework.http.converter.json.MappingJackson2HttpMessageConverter ignored: org.springframework.hateoas.server.mvc.TypeConstrainedMappingJackson2HttpMessageConverter,org.springframework.data.rest.webmvc.alps.AlpsJsonHttpMessageConverter; SearchStrategy: all) did not find any beans (OnBeanCondition)

   LifecycleAutoConfiguration#defaultLifecycleProcessor matched:
      - @ConditionalOnMissingBean (names: lifecycleProcessor; SearchStrategy: current) did not find any beans (OnBeanCondition)

   MultipartAutoConfiguration matched:
      - @ConditionalOnClass found required classes 'jakarta.servlet.Servlet', 'org.springframework.web.multipart.support.StandardServletMultipartResolver', 'jakarta.servlet.MultipartConfigElement' (OnClassCondition)
      - found 'session' scope (OnWebApplicationCondition)
      - @ConditionalOnProperty (spring.servlet.multipart.enabled) matched (OnPropertyCondition)

   MultipartAutoConfiguration#multipartConfigElement matched:
      - @ConditionalOnMissingBean (types: jakarta.servlet.MultipartConfigElement; SearchStrategy: all) did not find any beans (OnBeanCondition)

   MultipartAutoConfiguration#multipartResolver matched:
      - @ConditionalOnMissingBean (types: org.springframework.web.multipart.MultipartResolver; SearchStrategy: all) did not find any beans (OnBeanCondition)

   NoOpCacheConfiguration matched:
      - Cache org.springframework.boot.autoconfigure.cache.NoOpCacheConfiguration automatic cache type (CacheCondition)

   PersistenceExceptionTranslationAutoConfiguration matched:
      - @ConditionalOnClass found required class 'org.springframework.dao.annotation.PersistenceExceptionTranslationPostProcessor' (OnClassCondition)

   PersistenceExceptionTranslationAutoConfiguration#persistenceExceptionTranslationPostProcessor matched:
      - @ConditionalOnProperty (spring.dao.exceptiontranslation.enabled) matched (OnPropertyCondition)
      - @ConditionalOnMissingBean (types: org.springframework.dao.annotation.PersistenceExceptionTranslationPostProcessor; SearchStrategy: all) did not find any beans (OnBeanCondition)

   PropertyPlaceholderAutoConfiguration#propertySourcesPlaceholderConfigurer matched:
      - @ConditionalOnMissingBean (types: org.springframework.context.support.PropertySourcesPlaceholderConfigurer; SearchStrategy: current) did not find any beans (OnBeanCondition)

   RestClientAutoConfiguration matched:
      - @ConditionalOnClass found required class 'org.springframework.web.client.RestClient' (OnClassCondition)
      - NoneNestedConditions 0 matched 1 did not; NestedCondition on NotReactiveWebApplicationCondition.ReactiveWebApplication did not find reactive web application classes (NotReactiveWebApplicationCondition)

   RestClientAutoConfiguration#httpMessageConvertersRestClientCustomizer matched:
      - @ConditionalOnMissingBean (types: org.springframework.boot.autoconfigure.web.client.HttpMessageConvertersRestClientCustomizer; SearchStrategy: all) did not find any beans (OnBeanCondition)

   RestClientAutoConfiguration#restClientBuilder matched:
      - @ConditionalOnMissingBean (types: org.springframework.web.client.RestClient$Builder; SearchStrategy: all) did not find any beans (OnBeanCondition)

   RestClientAutoConfiguration#restClientBuilderConfigurer matched:
      - @ConditionalOnMissingBean (types: org.springframework.boot.autoconfigure.web.client.RestClientBuilderConfigurer; SearchStrategy: all) did not find any beans (OnBeanCondition)

   RestClientAutoConfiguration#restClientSsl matched:
      - @ConditionalOnBean (types: org.springframework.boot.ssl.SslBundles; SearchStrategy: all) found bean 'sslBundleRegistry'; @ConditionalOnMissingBean (types: org.springframework.boot.autoconfigure.web.client.RestClientSsl; SearchStrategy: all) did not find any beans (OnBeanCondition)

   RestTemplateAutoConfiguration matched:
      - @ConditionalOnClass found required class 'org.springframework.web.client.RestTemplate' (OnClassCondition)
      - NoneNestedConditions 0 matched 1 did not; NestedCondition on NotReactiveWebApplicationCondition.ReactiveWebApplication did not find reactive web application classes (NotReactiveWebApplicationCondition)

   RestTemplateAutoConfiguration#restTemplateBuilder matched:
      - @ConditionalOnMissingBean (types: org.springframework.boot.web.client.RestTemplateBuilder; SearchStrategy: all) did not find any beans (OnBeanCondition)

   SecurityAutoConfiguration matched:
      - @ConditionalOnClass found required class 'org.springframework.security.authentication.DefaultAuthenticationEventPublisher' (OnClassCondition)

   SecurityAutoConfiguration#authenticationEventPublisher matched:
      - @ConditionalOnMissingBean (types: org.springframework.security.authentication.AuthenticationEventPublisher; SearchStrategy: all) did not find any beans (OnBeanCondition)

   SecurityFilterAutoConfiguration matched:
      - @ConditionalOnClass found required classes 'org.springframework.security.web.context.AbstractSecurityWebApplicationInitializer', 'org.springframework.security.config.http.SessionCreationPolicy' (OnClassCondition)
      - found 'session' scope (OnWebApplicationCondition)

   SecurityFilterAutoConfiguration#securityFilterChainRegistration matched:
      - @ConditionalOnBean (names: springSecurityFilterChain; SearchStrategy: all) found bean 'springSecurityFilterChain' (OnBeanCondition)

   ServletWebServerFactoryAutoConfiguration matched:
      - @ConditionalOnClass found required class 'jakarta.servlet.ServletRequest' (OnClassCondition)
      - found 'session' scope (OnWebApplicationCondition)

   ServletWebServerFactoryAutoConfiguration#tomcatServletWebServerFactoryCustomizer matched:
      - @ConditionalOnClass found required class 'org.apache.catalina.startup.Tomcat' (OnClassCondition)

   ServletWebServerFactoryConfiguration.EmbeddedTomcat matched:
      - @ConditionalOnClass found required classes 'jakarta.servlet.Servlet', 'org.apache.catalina.startup.Tomcat', 'org.apache.coyote.UpgradeProtocol' (OnClassCondition)
      - @ConditionalOnMissingBean (types: org.springframework.boot.web.servlet.server.ServletWebServerFactory; SearchStrategy: current) did not find any beans (OnBeanCondition)

   SimpleCacheConfiguration matched:
      - Cache org.springframework.boot.autoconfigure.cache.SimpleCacheConfiguration automatic cache type (CacheCondition)

   SpringBootWebSecurityConfiguration matched:
      - found 'session' scope (OnWebApplicationCondition)

   SpringBootWebSecurityConfiguration.WebSecurityEnablerConfiguration matched:
      - @ConditionalOnClass found required class 'org.springframework.security.config.annotation.web.configuration.EnableWebSecurity' (OnClassCondition)
      - @ConditionalOnMissingBean (names: springSecurityFilterChain; SearchStrategy: all) did not find any beans (OnBeanCondition)

   SpringDataWebAutoConfiguration matched:
      - @ConditionalOnClass found required classes 'org.springframework.data.web.PageableHandlerMethodArgumentResolver', 'org.springframework.web.servlet.config.annotation.WebMvcConfigurer' (OnClassCondition)
      - found 'session' scope (OnWebApplicationCondition)
      - @ConditionalOnMissingBean (types: org.springframework.data.web.PageableHandlerMethodArgumentResolver; SearchStrategy: all) did not find any beans (OnBeanCondition)

   SpringDataWebAutoConfiguration#pageableCustomizer matched:
      - @ConditionalOnMissingBean (types: org.springframework.data.web.config.PageableHandlerMethodArgumentResolverCustomizer; SearchStrategy: all) did not find any beans (OnBeanCondition)

   SpringDataWebAutoConfiguration#sortCustomizer matched:
      - @ConditionalOnMissingBean (types: org.springframework.data.web.config.SortHandlerMethodArgumentResolverCustomizer; SearchStrategy: all) did not find any beans (OnBeanCondition)

   SqlInitializationAutoConfiguration matched:
      - @ConditionalOnProperty (spring.sql.init.enabled) matched (OnPropertyCondition)
      - NoneNestedConditions 0 matched 1 did not; NestedCondition on SqlInitializationAutoConfiguration.SqlInitializationModeCondition.ModeIsNever @ConditionalOnProperty (spring.sql.init.mode=never) did not find property 'mode' (SqlInitializationAutoConfiguration.SqlInitializationModeCondition)

   SslAutoConfiguration#sslBundleRegistry matched:
      - @ConditionalOnMissingBean (types: org.springframework.boot.ssl.SslBundleRegistry,org.springframework.boot.ssl.SslBundles; SearchStrategy: all) did not find any beans (OnBeanCondition)

   TaskExecutionAutoConfiguration matched:
      - @ConditionalOnClass found required class 'org.springframework.scheduling.concurrent.ThreadPoolTaskExecutor' (OnClassCondition)

   TaskExecutorConfigurations.SimpleAsyncTaskExecutorBuilderConfiguration#simpleAsyncTaskExecutorBuilder matched:
      - @ConditionalOnMissingBean (types: org.springframework.boot.task.SimpleAsyncTaskExecutorBuilder; SearchStrategy: all) did not find any beans (OnBeanCondition)
      - @ConditionalOnThreading found PLATFORM (OnThreadingCondition)

   TaskExecutorConfigurations.TaskExecutorBuilderConfiguration#taskExecutorBuilder matched:
      - @ConditionalOnMissingBean (types: org.springframework.boot.task.TaskExecutorBuilder; SearchStrategy: all) did not find any beans (OnBeanCondition)

   TaskExecutorConfigurations.TaskExecutorConfiguration matched:
      - @ConditionalOnMissingBean (types: java.util.concurrent.Executor; SearchStrategy: all) did not find any beans (OnBeanCondition)

   TaskExecutorConfigurations.TaskExecutorConfiguration#applicationTaskExecutor matched:
      - @ConditionalOnThreading found PLATFORM (OnThreadingCondition)

   TaskExecutorConfigurations.ThreadPoolTaskExecutorBuilderConfiguration#threadPoolTaskExecutorBuilder matched:
      - @ConditionalOnMissingBean (types: org.springframework.boot.task.TaskExecutorBuilder,org.springframework.boot.task.ThreadPoolTaskExecutorBuilder; SearchStrategy: all) did not find any beans (OnBeanCondition)

   TaskSchedulingAutoConfiguration matched:
      - @ConditionalOnClass found required class 'org.springframework.scheduling.concurrent.ThreadPoolTaskScheduler' (OnClassCondition)

   TaskSchedulingAutoConfiguration#scheduledBeanLazyInitializationExcludeFilter matched:
      - @ConditionalOnBean (names: org.springframework.context.annotation.internalScheduledAnnotationProcessor; SearchStrategy: all) found bean 'org.springframework.context.annotation.internalScheduledAnnotationProcessor' (OnBeanCondition)

   TaskSchedulingConfigurations.SimpleAsyncTaskSchedulerBuilderConfiguration#simpleAsyncTaskSchedulerBuilder matched:
      - @ConditionalOnMissingBean (types: org.springframework.boot.task.SimpleAsyncTaskSchedulerBuilder; SearchStrategy: all) did not find any beans (OnBeanCondition)
      - @ConditionalOnThreading found PLATFORM (OnThreadingCondition)

   TaskSchedulingConfigurations.TaskSchedulerBuilderConfiguration#taskSchedulerBuilder matched:
      - @ConditionalOnMissingBean (types: org.springframework.boot.task.TaskSchedulerBuilder; SearchStrategy: all) did not find any beans (OnBeanCondition)

   TaskSchedulingConfigurations.TaskSchedulerConfiguration matched:
      - @ConditionalOnBean (names: org.springframework.context.annotation.internalScheduledAnnotationProcessor; SearchStrategy: all) found bean 'org.springframework.context.annotation.internalScheduledAnnotationProcessor'; @ConditionalOnMissingBean (types: org.springframework.scheduling.TaskScheduler,java.util.concurrent.ScheduledExecutorService; SearchStrategy: all) did not find any beans (OnBeanCondition)

   TaskSchedulingConfigurations.TaskSchedulerConfiguration#taskScheduler matched:
      - @ConditionalOnThreading found PLATFORM (OnThreadingCondition)

   TaskSchedulingConfigurations.ThreadPoolTaskSchedulerBuilderConfiguration#threadPoolTaskSchedulerBuilder matched:
      - @ConditionalOnMissingBean (types: org.springframework.boot.task.TaskSchedulerBuilder,org.springframework.boot.task.ThreadPoolTaskSchedulerBuilder; SearchStrategy: all) did not find any beans (OnBeanCondition)

   TransactionAutoConfiguration matched:
      - @ConditionalOnClass found required class 'org.springframework.transaction.PlatformTransactionManager' (OnClassCondition)

   TransactionManagerCustomizationAutoConfiguration matched:
      - @ConditionalOnClass found required class 'org.springframework.transaction.PlatformTransactionManager' (OnClassCondition)

   TransactionManagerCustomizationAutoConfiguration#platformTransactionManagerCustomizers matched:
      - @ConditionalOnMissingBean (types: org.springframework.boot.autoconfigure.transaction.TransactionManagerCustomizers; SearchStrategy: all) did not find any beans (OnBeanCondition)

   WebMvcAutoConfiguration matched:
      - @ConditionalOnClass found required classes 'jakarta.servlet.Servlet', 'org.springframework.web.servlet.DispatcherServlet', 'org.springframework.web.servlet.config.annotation.WebMvcConfigurer' (OnClassCondition)
      - found 'session' scope (OnWebApplicationCondition)
      - @ConditionalOnMissingBean (types: org.springframework.web.servlet.config.annotation.WebMvcConfigurationSupport; SearchStrategy: all) did not find any beans (OnBeanCondition)

   WebMvcAutoConfiguration#formContentFilter matched:
      - @ConditionalOnProperty (spring.mvc.formcontent.filter.enabled) matched (OnPropertyCondition)
      - @ConditionalOnMissingBean (types: org.springframework.web.filter.FormContentFilter; SearchStrategy: all) did not find any beans (OnBeanCondition)

   WebMvcAutoConfiguration.EnableWebMvcConfiguration#flashMapManager matched:
      - @ConditionalOnMissingBean (names: flashMapManager; SearchStrategy: all) did not find any beans (OnBeanCondition)

   WebMvcAutoConfiguration.EnableWebMvcConfiguration#localeResolver matched:
      - @ConditionalOnMissingBean (names: localeResolver; SearchStrategy: all) did not find any beans (OnBeanCondition)

   WebMvcAutoConfiguration.EnableWebMvcConfiguration#themeResolver matched:
      - @ConditionalOnMissingBean (names: themeResolver; SearchStrategy: all) did not find any beans (OnBeanCondition)

   WebMvcAutoConfiguration.WebMvcAutoConfigurationAdapter#defaultViewResolver matched:
      - @ConditionalOnMissingBean (types: org.springframework.web.servlet.view.InternalResourceViewResolver; SearchStrategy: all) did not find any beans (OnBeanCondition)

   WebMvcAutoConfiguration.WebMvcAutoConfigurationAdapter#requestContextFilter matched:
      - @ConditionalOnMissingBean (types: org.springframework.web.context.request.RequestContextListener,org.springframework.web.filter.RequestContextFilter; SearchStrategy: all) did not find any beans (OnBeanCondition)

   WebMvcAutoConfiguration.WebMvcAutoConfigurationAdapter#viewResolver matched:
      - @ConditionalOnBean (types: org.springframework.web.servlet.ViewResolver; SearchStrategy: all) found beans 'defaultViewResolver', 'beanNameViewResolver', 'mvcViewResolver'; @ConditionalOnMissingBean (names: viewResolver types: org.springframework.web.servlet.view.ContentNegotiatingViewResolver; SearchStrategy: all) did not find any beans (OnBeanCondition)

   WebSocketServletAutoConfiguration matched:
      - @ConditionalOnClass found required classes 'jakarta.servlet.Servlet', 'jakarta.websocket.server.ServerContainer' (OnClassCondition)
      - found 'session' scope (OnWebApplicationCondition)

   WebSocketServletAutoConfiguration.TomcatWebSocketConfiguration matched:
      - @ConditionalOnClass found required classes 'org.apache.catalina.startup.Tomcat', 'org.apache.tomcat.websocket.server.WsSci' (OnClassCondition)

   WebSocketServletAutoConfiguration.TomcatWebSocketConfiguration#websocketServletWebServerCustomizer matched:
      - @ConditionalOnMissingBean (names: websocketServletWebServerCustomizer; SearchStrategy: all) did not find any beans (OnBeanCondition)


Negative matches:
-----------------

   ActiveMQAutoConfiguration:
      Did not match:
         - @ConditionalOnClass did not find required class 'jakarta.jms.ConnectionFactory' (OnClassCondition)

   AopAutoConfiguration.AspectJAutoProxyingConfiguration:
      Did not match:
         - @ConditionalOnClass did not find required class 'org.aspectj.weaver.Advice' (OnClassCondition)

   ArtemisAutoConfiguration:
      Did not match:
         - @ConditionalOnClass did not find required class 'jakarta.jms.ConnectionFactory' (OnClassCondition)

   BatchAutoConfiguration:
      Did not match:
         - @ConditionalOnClass did not find required class 'org.springframework.batch.core.launch.JobLauncher' (OnClassCondition)

   Cache2kCacheConfiguration:
      Did not match:
         - @ConditionalOnClass did not find required class 'org.cache2k.Cache2kBuilder' (OnClassCondition)

   CacheAutoConfiguration:
      Did not match:
         - @ConditionalOnBean (types: org.springframework.cache.interceptor.CacheAspectSupport; SearchStrategy: all) did not find any beans of type org.springframework.cache.interceptor.CacheAspectSupport (OnBeanCondition)
      Matched:
         - @ConditionalOnClass found required class 'org.springframework.cache.CacheManager' (OnClassCondition)

   CacheAutoConfiguration.CacheManagerEntityManagerFactoryDependsOnPostProcessor:
      Did not match:
         - @ConditionalOnClass did not find required class 'org.springframework.orm.jpa.LocalContainerEntityManagerFactoryBean' (OnClassCondition)
         - Ancestor org.springframework.boot.autoconfigure.cache.CacheAutoConfiguration did not match (ConditionEvaluationReport.AncestorsMatchedCondition)

   CaffeineCacheConfiguration:
      Did not match:
         - @ConditionalOnClass did not find required class 'com.github.benmanes.caffeine.cache.Caffeine' (OnClassCondition)

   CassandraAutoConfiguration:
      Did not match:
         - @ConditionalOnClass did not find required class 'com.datastax.oss.driver.api.core.CqlSession' (OnClassCondition)

   CassandraDataAutoConfiguration:
      Did not match:
         - @ConditionalOnClass did not find required class 'com.datastax.oss.driver.api.core.CqlSession' (OnClassCondition)

   CassandraReactiveDataAutoConfiguration:
      Did not match:
         - @ConditionalOnClass did not find required class 'com.datastax.oss.driver.api.core.CqlSession' (OnClassCondition)

   CassandraReactiveRepositoriesAutoConfiguration:
      Did not match:
         - @ConditionalOnClass did not find required class 'org.springframework.data.cassandra.ReactiveSession' (OnClassCondition)

   CassandraRepositoriesAutoConfiguration:
      Did not match:
         - @ConditionalOnClass did not find required class 'com.datastax.oss.driver.api.core.CqlSession' (OnClassCondition)

   ClientHttpConnectorAutoConfiguration:
      Did not match:
         - @ConditionalOnClass did not find required class 'org.springframework.web.reactive.function.client.WebClient' (OnClassCondition)

   CodecsAutoConfiguration:
      Did not match:
         - @ConditionalOnClass did not find required class 'org.springframework.web.reactive.function.client.WebClient' (OnClassCondition)

   CouchbaseAutoConfiguration:
      Did not match:
         - @ConditionalOnClass did not find required class 'com.couchbase.client.java.Cluster' (OnClassCondition)

   CouchbaseCacheConfiguration:
      Did not match:
         - @ConditionalOnClass did not find required class 'com.couchbase.client.java.Cluster' (OnClassCondition)

   CouchbaseDataAutoConfiguration:
      Did not match:
         - @ConditionalOnClass did not find required class 'com.couchbase.client.java.Bucket' (OnClassCondition)

   CouchbaseReactiveDataAutoConfiguration:
      Did not match:
         - @ConditionalOnClass did not find required class 'com.couchbase.client.java.Cluster' (OnClassCondition)

   CouchbaseReactiveRepositoriesAutoConfiguration:
      Did not match:
         - @ConditionalOnClass did not find required class 'com.couchbase.client.java.Cluster' (OnClassCondition)

   CouchbaseRepositoriesAutoConfiguration:
      Did not match:
         - @ConditionalOnClass did not find required class 'com.couchbase.client.java.Bucket' (OnClassCondition)

   DataSourceAutoConfiguration:
      Did not match:
         - @ConditionalOnClass did not find required class 'org.springframework.jdbc.datasource.embedded.EmbeddedDatabaseType' (OnClassCondition)

   DataSourceInitializationConfiguration:
      Did not match:
         - @ConditionalOnClass did not find required class 'org.springframework.jdbc.datasource.init.DatabasePopulator' (OnClassCondition)

   DataSourceTransactionManagerAutoConfiguration:
      Did not match:
         - @ConditionalOnClass did not find required class 'org.springframework.jdbc.core.JdbcTemplate' (OnClassCondition)

   DispatcherServletAutoConfiguration.DispatcherServletConfiguration#multipartResolver:
      Did not match:
         - @ConditionalOnBean (types: org.springframework.web.multipart.MultipartResolver; SearchStrategy: all) did not find any beans of type org.springframework.web.multipart.MultipartResolver (OnBeanCondition)

   ElasticsearchClientAutoConfiguration:
      Did not match:
         - @ConditionalOnClass did not find required class 'co.elastic.clients.elasticsearch.ElasticsearchClient' (OnClassCondition)

   ElasticsearchDataAutoConfiguration:
      Did not match:
         - @ConditionalOnClass did not find required class 'org.springframework.data.elasticsearch.client.elc.ElasticsearchTemplate' (OnClassCondition)

   ElasticsearchRepositoriesAutoConfiguration:
      Did not match:
         - @ConditionalOnClass did not find required class 'org.springframework.data.elasticsearch.repository.ElasticsearchRepository' (OnClassCondition)

   ElasticsearchRestClientAutoConfiguration:
      Did not match:
         - @ConditionalOnClass did not find required class 'org.elasticsearch.client.RestClientBuilder' (OnClassCondition)

   EmbeddedLdapAutoConfiguration:
      Did not match:
         - @ConditionalOnClass did not find required class 'com.unboundid.ldap.listener.InMemoryDirectoryServer' (OnClassCondition)

   EmbeddedWebServerFactoryCustomizerAutoConfiguration.JettyWebServerFactoryCustomizerConfiguration:
      Did not match:
         - @ConditionalOnClass did not find required classes 'org.eclipse.jetty.server.Server', 'org.eclipse.jetty.util.Loader', 'org.eclipse.jetty.ee10.webapp.WebAppContext' (OnClassCondition)

   EmbeddedWebServerFactoryCustomizerAutoConfiguration.NettyWebServerFactoryCustomizerConfiguration:
      Did not match:
         - @ConditionalOnClass did not find required class 'reactor.netty.http.server.HttpServer' (OnClassCondition)

   EmbeddedWebServerFactoryCustomizerAutoConfiguration.TomcatWebServerFactoryCustomizerConfiguration#tomcatVirtualThreadsProtocolHandlerCustomizer:
      Did not match:
         - @ConditionalOnThreading did not find VIRTUAL (OnThreadingCondition)

   EmbeddedWebServerFactoryCustomizerAutoConfiguration.UndertowWebServerFactoryCustomizerConfiguration:
      Did not match:
         - @ConditionalOnClass did not find required classes 'io.undertow.Undertow', 'org.xnio.SslClientAuthMode' (OnClassCondition)

   ErrorWebFluxAutoConfiguration:
      Did not match:
         - @ConditionalOnClass did not find required class 'org.springframework.web.reactive.config.WebFluxConfigurer' (OnClassCondition)

   FlywayAutoConfiguration:
      Did not match:
         - @ConditionalOnClass did not find required class 'org.flywaydb.core.Flyway' (OnClassCondition)

   FreeMarkerAutoConfiguration:
      Did not match:
         - @ConditionalOnClass did not find required class 'freemarker.template.Configuration' (OnClassCondition)

   GraphQlAutoConfiguration:
      Did not match:
         - @ConditionalOnClass did not find required class 'graphql.GraphQL' (OnClassCondition)

   GraphQlQueryByExampleAutoConfiguration:
      Did not match:
         - @ConditionalOnClass did not find required class 'graphql.GraphQL' (OnClassCondition)

   GraphQlQuerydslAutoConfiguration:
      Did not match:
         - @ConditionalOnClass did not find required class 'com.querydsl.core.Query' (OnClassCondition)

   GraphQlRSocketAutoConfiguration:
      Did not match:
         - @ConditionalOnClass did not find required class 'graphql.GraphQL' (OnClassCondition)

   GraphQlReactiveQueryByExampleAutoConfiguration:
      Did not match:
         - @ConditionalOnClass did not find required class 'graphql.GraphQL' (OnClassCondition)

   GraphQlReactiveQuerydslAutoConfiguration:
      Did not match:
         - @ConditionalOnClass did not find required class 'com.querydsl.core.Query' (OnClassCondition)

   GraphQlWebFluxAutoConfiguration:
      Did not match:
         - @ConditionalOnClass did not find required class 'graphql.GraphQL' (OnClassCondition)

   GraphQlWebFluxSecurityAutoConfiguration:
      Did not match:
         - @ConditionalOnClass did not find required class 'graphql.GraphQL' (OnClassCondition)

   GraphQlWebMvcAutoConfiguration:
      Did not match:
         - @ConditionalOnClass did not find required class 'graphql.GraphQL' (OnClassCondition)

   GraphQlWebMvcSecurityAutoConfiguration:
      Did not match:
         - @ConditionalOnClass did not find required class 'graphql.GraphQL' (OnClassCondition)

   GroovyTemplateAutoConfiguration:
      Did not match:
         - @ConditionalOnClass did not find required class 'groovy.text.markup.MarkupTemplateEngine' (OnClassCondition)

   GsonAutoConfiguration:
      Did not match:
         - @ConditionalOnClass did not find required class 'com.google.gson.Gson' (OnClassCondition)

   GsonHttpMessageConvertersConfiguration:
      Did not match:
         - @ConditionalOnClass did not find required class 'com.google.gson.Gson' (OnClassCondition)

   H2ConsoleAutoConfiguration:
      Did not match:
         - @ConditionalOnClass did not find required class 'org.h2.server.web.JakartaWebServlet' (OnClassCondition)

   HazelcastAutoConfiguration:
      Did not match:
         - @ConditionalOnClass did not find required class 'com.hazelcast.core.HazelcastInstance' (OnClassCondition)

   HazelcastCacheConfiguration:
      Did not match:
         - @ConditionalOnClass did not find required class 'com.hazelcast.core.HazelcastInstance' (OnClassCondition)

   HazelcastJpaDependencyAutoConfiguration:
      Did not match:
         - @ConditionalOnClass did not find required class 'com.hazelcast.core.HazelcastInstance' (OnClassCondition)

   HibernateJpaAutoConfiguration:
      Did not match:
         - @ConditionalOnClass did not find required class 'jakarta.persistence.EntityManager' (OnClassCondition)

   HttpHandlerAutoConfiguration:
      Did not match:
         - @ConditionalOnClass did not find required class 'org.springframework.web.reactive.DispatcherHandler' (OnClassCondition)

   HypermediaAutoConfiguration:
      Did not match:
         - @ConditionalOnClass did not find required class 'org.springframework.hateoas.EntityModel' (OnClassCondition)

   InfinispanCacheConfiguration:
      Did not match:
         - @ConditionalOnClass did not find required class 'org.infinispan.spring.embedded.provider.SpringEmbeddedCacheManager' (OnClassCondition)

   InfluxDbAutoConfiguration:
      Did not match:
         - @ConditionalOnClass did not find required class 'org.influxdb.InfluxDB' (OnClassCondition)

   IntegrationAutoConfiguration:
      Did not match:
         - @ConditionalOnClass did not find required class 'org.springframework.integration.config.EnableIntegration' (OnClassCondition)

   JCacheCacheConfiguration:
      Did not match:
         - @ConditionalOnClass did not find required class 'javax.cache.Caching' (OnClassCondition)

   JacksonHttpMessageConvertersConfiguration.MappingJackson2XmlHttpMessageConverterConfiguration:
      Did not match:
         - @ConditionalOnClass did not find required class 'com.fasterxml.jackson.dataformat.xml.XmlMapper' (OnClassCondition)

   JdbcClientAutoConfiguration:
      Did not match:
         - @ConditionalOnSingleCandidate did not find required type 'org.springframework.jdbc.core.namedparam.NamedParameterJdbcTemplate' (OnBeanCondition)

   JdbcRepositoriesAutoConfiguration:
      Did not match:
         - @ConditionalOnClass did not find required class 'org.springframework.data.jdbc.repository.config.AbstractJdbcConfiguration' (OnClassCondition)

   JdbcTemplateAutoConfiguration:
      Did not match:
         - @ConditionalOnClass did not find required class 'org.springframework.jdbc.core.JdbcTemplate' (OnClassCondition)

   JerseyAutoConfiguration:
      Did not match:
         - @ConditionalOnClass did not find required class 'org.glassfish.jersey.server.spring.SpringComponentProvider' (OnClassCondition)

   JmsAutoConfiguration:
      Did not match:
         - @ConditionalOnClass did not find required class 'jakarta.jms.Message' (OnClassCondition)

   JmxAutoConfiguration:
      Did not match:
         - @ConditionalOnProperty (spring.jmx.enabled=true) found different value in property 'enabled' (OnPropertyCondition)
      Matched:
         - @ConditionalOnClass found required class 'org.springframework.jmx.export.MBeanExporter' (OnClassCondition)

   JndiConnectionFactoryAutoConfiguration:
      Did not match:
         - @ConditionalOnClass did not find required class 'org.springframework.jms.core.JmsTemplate' (OnClassCondition)

   JndiDataSourceAutoConfiguration:
      Did not match:
         - @ConditionalOnClass did not find required class 'org.springframework.jdbc.datasource.embedded.EmbeddedDatabaseType' (OnClassCondition)

   JooqAutoConfiguration:
      Did not match:
         - @ConditionalOnClass did not find required class 'org.jooq.DSLContext' (OnClassCondition)

   JpaRepositoriesAutoConfiguration:
      Did not match:
         - @ConditionalOnClass did not find required class 'org.springframework.data.jpa.repository.JpaRepository' (OnClassCondition)

   JsonbAutoConfiguration:
      Did not match:
         - @ConditionalOnClass did not find required class 'jakarta.json.bind.Jsonb' (OnClassCondition)

   JsonbHttpMessageConvertersConfiguration:
      Did not match:
         - @ConditionalOnClass did not find required class 'jakarta.json.bind.Jsonb' (OnClassCondition)

   JtaAutoConfiguration:
      Did not match:
         - @ConditionalOnClass did not find required class 'jakarta.transaction.Transaction' (OnClassCondition)

   KafkaAutoConfiguration:
      Did not match:
         - @ConditionalOnClass did not find required class 'org.springframework.kafka.core.KafkaTemplate' (OnClassCondition)

   LdapAutoConfiguration:
      Did not match:
         - @ConditionalOnClass did not find required class 'org.springframework.ldap.core.ContextSource' (OnClassCondition)

   LdapRepositoriesAutoConfiguration:
      Did not match:
         - @ConditionalOnClass did not find required class 'org.springframework.data.ldap.repository.LdapRepository' (OnClassCondition)

   LiquibaseAutoConfiguration:
      Did not match:
         - @ConditionalOnClass did not find required class 'liquibase.change.DatabaseChange' (OnClassCondition)

   MailSenderAutoConfiguration:
      Did not match:
         - @ConditionalOnClass did not find required class 'jakarta.mail.internet.MimeMessage' (OnClassCondition)

   MailSenderValidatorAutoConfiguration:
      Did not match:
         - @ConditionalOnSingleCandidate did not find required type 'org.springframework.mail.javamail.JavaMailSenderImpl' (OnBeanCondition)

   MessageSourceAutoConfiguration:
      Did not match:
         - ResourceBundle did not find bundle with basename messages (MessageSourceAutoConfiguration.ResourceBundleCondition)

   MongoReactiveAutoConfiguration:
      Did not match:
         - @ConditionalOnClass did not find required class 'com.mongodb.reactivestreams.client.MongoClient' (OnClassCondition)

   MongoReactiveDataAutoConfiguration:
      Did not match:
         - @ConditionalOnClass did not find required class 'com.mongodb.reactivestreams.client.MongoClient' (OnClassCondition)

   MongoReactiveRepositoriesAutoConfiguration:
      Did not match:
         - @ConditionalOnClass did not find required class 'com.mongodb.reactivestreams.client.MongoClient' (OnClassCondition)

   MustacheAutoConfiguration:
      Did not match:
         - @ConditionalOnClass did not find required class 'com.samskivert.mustache.Mustache' (OnClassCondition)

   Neo4jAutoConfiguration:
      Did not match:
         - @ConditionalOnClass did not find required class 'org.neo4j.driver.Driver' (OnClassCondition)

   Neo4jDataAutoConfiguration:
      Did not match:
         - @ConditionalOnClass did not find required class 'org.neo4j.driver.Driver' (OnClassCondition)

   Neo4jReactiveDataAutoConfiguration:
      Did not match:
         - @ConditionalOnClass did not find required class 'org.neo4j.driver.Driver' (OnClassCondition)

   Neo4jReactiveRepositoriesAutoConfiguration:
      Did not match:
         - @ConditionalOnClass did not find required class 'org.neo4j.driver.Driver' (OnClassCondition)

   Neo4jRepositoriesAutoConfiguration:
      Did not match:
         - @ConditionalOnClass did not find required class 'org.neo4j.driver.Driver' (OnClassCondition)

   NettyAutoConfiguration:
      Did not match:
         - @ConditionalOnClass did not find required class 'io.netty.util.NettyRuntime' (OnClassCondition)

   OAuth2AuthorizationServerAutoConfiguration:
      Did not match:
         - @ConditionalOnClass did not find required class 'org.springframework.security.oauth2.server.authorization.OAuth2Authorization' (OnClassCondition)

   OAuth2AuthorizationServerJwtAutoConfiguration:
      Did not match:
         - @ConditionalOnClass did not find required class 'org.springframework.security.oauth2.server.authorization.OAuth2Authorization' (OnClassCondition)

   OAuth2ClientAutoConfiguration:
      Did not match:
         - @ConditionalOnClass did not find required class 'org.springframework.security.oauth2.client.registration.ClientRegistration' (OnClassCondition)

   OAuth2ResourceServerAutoConfiguration:
      Did not match:
         - @ConditionalOnClass did not find required class 'org.springframework.security.oauth2.server.resource.authentication.BearerTokenAuthenticationToken' (OnClassCondition)

   ProjectInfoAutoConfiguration#buildProperties:
      Did not match:
         - @ConditionalOnResource did not find resource '${spring.info.build.location:classpath:META-INF/build-info.properties}' (OnResourceCondition)

   ProjectInfoAutoConfiguration#gitProperties:
      Did not match:
         - GitResource did not find git info at classpath:git.properties (ProjectInfoAutoConfiguration.GitResourceAvailableCondition)

   PulsarAutoConfiguration:
      Did not match:
         - @ConditionalOnClass did not find required class 'org.apache.pulsar.client.api.PulsarClient' (OnClassCondition)

   PulsarReactiveAutoConfiguration:
      Did not match:
         - @ConditionalOnClass did not find required class 'org.apache.pulsar.client.api.PulsarClient' (OnClassCondition)

   QuartzAutoConfiguration:
      Did not match:
         - @ConditionalOnClass did not find required class 'org.quartz.Scheduler' (OnClassCondition)

   R2dbcAutoConfiguration:
      Did not match:
         - @ConditionalOnClass did not find required class 'io.r2dbc.spi.ConnectionFactory' (OnClassCondition)

   R2dbcDataAutoConfiguration:
      Did not match:
         - @ConditionalOnClass did not find required class 'org.springframework.data.r2dbc.core.R2dbcEntityTemplate' (OnClassCondition)

   R2dbcInitializationConfiguration:
      Did not match:
         - @ConditionalOnClass did not find required classes 'io.r2dbc.spi.ConnectionFactory', 'org.springframework.r2dbc.connection.init.DatabasePopulator' (OnClassCondition)

   R2dbcRepositoriesAutoConfiguration:
      Did not match:
         - @ConditionalOnClass did not find required class 'io.r2dbc.spi.ConnectionFactory' (OnClassCondition)

   R2dbcTransactionManagerAutoConfiguration:
      Did not match:
         - @ConditionalOnClass did not find required class 'org.springframework.r2dbc.connection.R2dbcTransactionManager' (OnClassCondition)

   RSocketGraphQlClientAutoConfiguration:
      Did not match:
         - @ConditionalOnClass did not find required class 'graphql.GraphQL' (OnClassCondition)

   RSocketMessagingAutoConfiguration:
      Did not match:
         - @ConditionalOnClass did not find required class 'io.rsocket.RSocket' (OnClassCondition)

   RSocketRequesterAutoConfiguration:
      Did not match:
         - @ConditionalOnClass did not find required class 'io.rsocket.RSocket' (OnClassCondition)

   RSocketSecurityAutoConfiguration:
      Did not match:
         - @ConditionalOnClass did not find required class 'org.springframework.security.rsocket.core.SecuritySocketAcceptorInterceptor' (OnClassCondition)

   RSocketServerAutoConfiguration:
      Did not match:
         - @ConditionalOnClass did not find required class 'io.rsocket.core.RSocketServer' (OnClassCondition)

   RSocketStrategiesAutoConfiguration:
      Did not match:
         - @ConditionalOnClass did not find required class 'io.netty.buffer.PooledByteBufAllocator' (OnClassCondition)

   RabbitAutoConfiguration:
      Did not match:
         - @ConditionalOnClass did not find required class 'com.rabbitmq.client.Channel' (OnClassCondition)

   ReactiveElasticsearchClientAutoConfiguration:
      Did not match:
         - @ConditionalOnClass did not find required class 'co.elastic.clients.transport.ElasticsearchTransport' (OnClassCondition)

   ReactiveElasticsearchRepositoriesAutoConfiguration:
      Did not match:
         - @ConditionalOnClass did not find required class 'org.springframework.data.elasticsearch.client.elc.ReactiveElasticsearchClient' (OnClassCondition)

   ReactiveMultipartAutoConfiguration:
      Did not match:
         - @ConditionalOnClass did not find required class 'org.springframework.web.reactive.config.WebFluxConfigurer' (OnClassCondition)

   ReactiveOAuth2ClientAutoConfiguration:
      Did not match:
         - @ConditionalOnClass did not find required class 'reactor.core.publisher.Flux' (OnClassCondition)

   ReactiveOAuth2ResourceServerAutoConfiguration:
      Did not match:
         - @ConditionalOnWebApplication did not find reactive web application classes (OnWebApplicationCondition)

   ReactiveSecurityAutoConfiguration:
      Did not match:
         - @ConditionalOnClass did not find required class 'reactor.core.publisher.Flux' (OnClassCondition)

   ReactiveUserDetailsServiceAutoConfiguration:
      Did not match:
         - AnyNestedCondition 0 matched 2 did not; NestedCondition on ReactiveUserDetailsServiceAutoConfiguration.RSocketEnabledOrReactiveWebApplication.ReactiveWebApplicationCondition did not find reactive web application classes; NestedCondition on ReactiveUserDetailsServiceAutoConfiguration.RSocketEnabledOrReactiveWebApplication.RSocketSecurityEnabledCondition @ConditionalOnBean (types: org.springframework.messaging.rsocket.annotation.support.RSocketMessageHandler; SearchStrategy: all) did not find any beans of type org.springframework.messaging.rsocket.annotation.support.RSocketMessageHandler (ReactiveUserDetailsServiceAutoConfiguration.RSocketEnabledOrReactiveWebApplication)
      Matched:
         - @ConditionalOnClass found required class 'org.springframework.security.authentication.ReactiveAuthenticationManager' (OnClassCondition)
         - AnyNestedCondition 1 matched 2 did not; NestedCondition on ReactiveUserDetailsServiceAutoConfiguration.MissingAlternativeOrUserPropertiesConfigured.PasswordConfigured @ConditionalOnProperty (spring.security.user.password) did not find property 'password'; NestedCondition on ReactiveUserDetailsServiceAutoConfiguration.MissingAlternativeOrUserPropertiesConfigured.NameConfigured @ConditionalOnProperty (spring.security.user.name) did not find property 'name'; NestedCondition on ReactiveUserDetailsServiceAutoConfiguration.MissingAlternativeOrUserPropertiesConfigured.MissingAlternative @ConditionalOnMissingClass did not find unwanted classes 'org.springframework.security.oauth2.client.registration.ClientRegistrationRepository', 'org.springframework.security.oauth2.server.resource.introspection.ReactiveOpaqueTokenIntrospector' (ReactiveUserDetailsServiceAutoConfiguration.MissingAlternativeOrUserPropertiesConfigured)

   ReactiveWebServerFactoryAutoConfiguration:
      Did not match:
         - @ConditionalOnWebApplication did not find reactive web application classes (OnWebApplicationCondition)

   ReactorAutoConfiguration:
      Did not match:
         - @ConditionalOnClass did not find required class 'reactor.core.publisher.Hooks' (OnClassCondition)

   RedisAutoConfiguration:
      Did not match:
         - @ConditionalOnClass did not find required class 'org.springframework.data.redis.core.RedisOperations' (OnClassCondition)

   RedisCacheConfiguration:
      Did not match:
         - @ConditionalOnClass did not find required class 'org.springframework.data.redis.connection.RedisConnectionFactory' (OnClassCondition)

   RedisReactiveAutoConfiguration:
      Did not match:
         - @ConditionalOnClass did not find required class 'reactor.core.publisher.Flux' (OnClassCondition)

   RedisRepositoriesAutoConfiguration:
      Did not match:
         - @ConditionalOnClass did not find required class 'org.springframework.data.redis.repository.configuration.EnableRedisRepositories' (OnClassCondition)

   RepositoryRestMvcAutoConfiguration:
      Did not match:
         - @ConditionalOnClass did not find required class 'org.springframework.data.rest.webmvc.config.RepositoryRestMvcConfiguration' (OnClassCondition)

   Saml2RelyingPartyAutoConfiguration:
      Did not match:
         - @ConditionalOnClass did not find required class 'org.springframework.security.saml2.provider.service.registration.RelyingPartyRegistrationRepository' (OnClassCondition)

   SecurityDataConfiguration:
      Did not match:
         - @ConditionalOnClass did not find required class 'org.springframework.security.data.repository.query.SecurityEvaluationContextExtension' (OnClassCondition)

   SendGridAutoConfiguration:
      Did not match:
         - @ConditionalOnClass did not find required class 'com.sendgrid.SendGrid' (OnClassCondition)

   ServletWebServerFactoryAutoConfiguration.ForwardedHeaderFilterConfiguration:
      Did not match:
         - @ConditionalOnProperty (server.forward-headers-strategy=framework) did not find property 'server.forward-headers-strategy' (OnPropertyCondition)

   ServletWebServerFactoryConfiguration.EmbeddedJetty:
      Did not match:
         - @ConditionalOnClass did not find required classes 'org.eclipse.jetty.server.Server', 'org.eclipse.jetty.util.Loader', 'org.eclipse.jetty.ee10.webapp.WebAppContext' (OnClassCondition)

   ServletWebServerFactoryConfiguration.EmbeddedUndertow:
      Did not match:
         - @ConditionalOnClass did not find required classes 'io.undertow.Undertow', 'org.xnio.SslClientAuthMode' (OnClassCondition)

   SessionAutoConfiguration:
      Did not match:
         - @ConditionalOnClass did not find required class 'org.springframework.session.Session' (OnClassCondition)

   SpringApplicationAdminJmxAutoConfiguration:
      Did not match:
         - @ConditionalOnProperty (spring.application.admin.enabled=true) did not find property 'enabled' (OnPropertyCondition)

   SpringBootWebSecurityConfiguration.SecurityFilterChainConfiguration:
      Did not match:
         - AllNestedConditions 1 matched 1 did not; NestedCondition on DefaultWebSecurityCondition.Beans @ConditionalOnMissingBean (types: org.springframework.security.web.SecurityFilterChain; SearchStrategy: all) found beans of type 'org.springframework.security.web.SecurityFilterChain' securityFilterChain; NestedCondition on DefaultWebSecurityCondition.Classes @ConditionalOnClass found required classes 'org.springframework.security.web.SecurityFilterChain', 'org.springframework.security.config.annotation.web.builders.HttpSecurity' (DefaultWebSecurityCondition)

   TaskExecutorConfigurations.SimpleAsyncTaskExecutorBuilderConfiguration#simpleAsyncTaskExecutorBuilderVirtualThreads:
      Did not match:
         - @ConditionalOnMissingBean (types: org.springframework.boot.task.SimpleAsyncTaskExecutorBuilder; SearchStrategy: all) found beans of type 'org.springframework.boot.task.SimpleAsyncTaskExecutorBuilder' simpleAsyncTaskExecutorBuilder (OnBeanCondition)

   TaskExecutorConfigurations.TaskExecutorConfiguration#applicationTaskExecutorVirtualThreads:
      Did not match:
         - @ConditionalOnThreading did not find VIRTUAL (OnThreadingCondition)

   TaskSchedulingConfigurations.SimpleAsyncTaskSchedulerBuilderConfiguration#simpleAsyncTaskSchedulerBuilderVirtualThreads:
      Did not match:
         - @ConditionalOnMissingBean (types: org.springframework.boot.task.SimpleAsyncTaskSchedulerBuilder; SearchStrategy: all) found beans of type 'org.springframework.boot.task.SimpleAsyncTaskSchedulerBuilder' simpleAsyncTaskSchedulerBuilder (OnBeanCondition)

   TaskSchedulingConfigurations.TaskSchedulerConfiguration#taskSchedulerVirtualThreads:
      Did not match:
         - @ConditionalOnThreading did not find VIRTUAL (OnThreadingCondition)

   ThymeleafAutoConfiguration:
      Did not match:
         - @ConditionalOnClass did not find required class 'org.thymeleaf.spring6.SpringTemplateEngine' (OnClassCondition)

   TransactionAutoConfiguration#transactionalOperator:
      Did not match:
         - @ConditionalOnSingleCandidate (types: org.springframework.transaction.ReactiveTransactionManager; SearchStrategy: all) did not find any beans (OnBeanCondition)

   TransactionAutoConfiguration.AspectJTransactionManagementConfiguration:
      Did not match:
         - @ConditionalOnBean did not find required type 'org.springframework.transaction.aspectj.AbstractTransactionAspect' (OnBeanCondition)
         - @ConditionalOnBean (types: org.springframework.transaction.aspectj.AbstractTransactionAspect; SearchStrategy: all) did not find any beans of type org.springframework.transaction.aspectj.AbstractTransactionAspect (OnBeanCondition)

   TransactionAutoConfiguration.EnableTransactionManagementConfiguration:
      Did not match:
         - @ConditionalOnBean (types: org.springframework.transaction.TransactionManager; SearchStrategy: all) did not find any beans of type org.springframework.transaction.TransactionManager (OnBeanCondition)

   TransactionAutoConfiguration.EnableTransactionManagementConfiguration.CglibAutoProxyConfiguration:
      Did not match:
         - Ancestor org.springframework.boot.autoconfigure.transaction.TransactionAutoConfiguration$EnableTransactionManagementConfiguration did not match (ConditionEvaluationReport.AncestorsMatchedCondition)
      Matched:
         - @ConditionalOnProperty (spring.aop.proxy-target-class=true) matched (OnPropertyCondition)

   TransactionAutoConfiguration.EnableTransactionManagementConfiguration.JdkDynamicAutoProxyConfiguration:
      Did not match:
         - @ConditionalOnProperty (spring.aop.proxy-target-class=false) did not find property 'proxy-target-class' (OnPropertyCondition)
         - Ancestor org.springframework.boot.autoconfigure.transaction.TransactionAutoConfiguration$EnableTransactionManagementConfiguration did not match (ConditionEvaluationReport.AncestorsMatchedCondition)

   TransactionAutoConfiguration.TransactionTemplateConfiguration:
      Did not match:
         - @ConditionalOnSingleCandidate (types: org.springframework.transaction.PlatformTransactionManager; SearchStrategy: all) did not find any beans (OnBeanCondition)

   ValidationAutoConfiguration:
      Did not match:
         - @ConditionalOnClass did not find required class 'jakarta.validation.executable.ExecutableValidator' (OnClassCondition)

   WebClientAutoConfiguration:
      Did not match:
         - @ConditionalOnClass did not find required class 'org.springframework.web.reactive.function.client.WebClient' (OnClassCondition)

   WebFluxAutoConfiguration:
      Did not match:
         - @ConditionalOnClass did not find required class 'org.springframework.web.reactive.config.WebFluxConfigurer' (OnClassCondition)

   WebMvcAutoConfiguration#hiddenHttpMethodFilter:
      Did not match:
         - @ConditionalOnProperty (spring.mvc.hiddenmethod.filter.enabled) did not find property 'enabled' (OnPropertyCondition)

   WebMvcAutoConfiguration.ProblemDetailsErrorHandlingConfiguration:
      Did not match:
         - @ConditionalOnProperty (spring.mvc.problemdetails.enabled=true) did not find property 'enabled' (OnPropertyCondition)

   WebMvcAutoConfiguration.ResourceChainCustomizerConfiguration:
      Did not match:
         - @ConditionalOnEnabledResourceChain did not find class org.webjars.WebJarAssetLocator (OnEnabledResourceChainCondition)

   WebMvcAutoConfiguration.WebMvcAutoConfigurationAdapter#beanNameViewResolver:
      Did not match:
         - @ConditionalOnMissingBean (types: org.springframework.web.servlet.view.BeanNameViewResolver; SearchStrategy: all) found beans of type 'org.springframework.web.servlet.view.BeanNameViewResolver' beanNameViewResolver (OnBeanCondition)

   WebServiceTemplateAutoConfiguration:
      Did not match:
         - @ConditionalOnClass did not find required class 'org.springframework.oxm.Marshaller' (OnClassCondition)

   WebServicesAutoConfiguration:
      Did not match:
         - @ConditionalOnClass did not find required class 'org.springframework.ws.transport.http.MessageDispatcherServlet' (OnClassCondition)

   WebSessionIdResolverAutoConfiguration:
      Did not match:
         - @ConditionalOnClass did not find required class 'reactor.core.publisher.Mono' (OnClassCondition)

   WebSocketMessagingAutoConfiguration:
      Did not match:
         - @ConditionalOnClass did not find required class 'org.springframework.web.socket.config.annotation.WebSocketMessageBrokerConfigurer' (OnClassCondition)

   WebSocketReactiveAutoConfiguration:
      Did not match:
         - @ConditionalOnWebApplication did not find reactive web application classes (OnWebApplicationCondition)

   WebSocketServletAutoConfiguration.JettyWebSocketConfiguration:
      Did not match:
         - @ConditionalOnClass did not find required class 'org.eclipse.jetty.ee10.websocket.jakarta.server.config.JakartaWebSocketServletContainerInitializer' (OnClassCondition)

   WebSocketServletAutoConfiguration.UndertowWebSocketConfiguration:
      Did not match:
         - @ConditionalOnClass did not find required class 'io.undertow.websockets.jsr.Bootstrap' (OnClassCondition)

   XADataSourceAutoConfiguration:
      Did not match:
         - @ConditionalOnClass did not find required class 'jakarta.transaction.TransactionManager' (OnClassCondition)


Exclusions:
-----------

    org.springframework.boot.autoconfigure.security.servlet.UserDetailsServiceAutoConfiguration

    org.springframework.boot.autoconfigure.mongo.MongoAutoConfiguration

    org.springframework.boot.autoconfigure.data.mongo.MongoDataAutoConfiguration

    org.springframework.boot.autoconfigure.data.mongo.MongoRepositoriesAutoConfiguration


Unconditional classes:
----------------------

    org.springframework.boot.autoconfigure.context.ConfigurationPropertiesAutoConfiguration

    org.springframework.boot.autoconfigure.ssl.SslAutoConfiguration

    org.springframework.boot.autoconfigure.context.LifecycleAutoConfiguration

    org.springframework.boot.autoconfigure.context.PropertyPlaceholderAutoConfiguration

    org.springframework.boot.autoconfigure.availability.ApplicationAvailabilityAutoConfiguration

    org.springframework.boot.autoconfigure.info.ProjectInfoAutoConfiguration



2026-04-13T16:11:51.823+05:30  INFO 24932 --- [git-sat] [           main] com.gitsat.backend.AuthControllerTest    : Started AuthControllerTest in 4.266 seconds (process running for 5.413)
2026-04-13T16:11:51.825+05:30 DEBUG 24932 --- [git-sat] [           main] o.s.b.a.ApplicationAvailabilityBean      : Application availability state LivenessState changed to CORRECT
2026-04-13T16:11:51.828+05:30 DEBUG 24932 --- [git-sat] [           main] o.s.b.a.ApplicationAvailabilityBean      : Application availability state ReadinessState changed to ACCEPTING_TRAFFIC
2026-04-13T16:11:51.910+05:30 DEBUG 24932 --- [git-sat] [           main] o.s.web.client.RestTemplate              : HTTP POST http://localhost:51602/auth/device-code
2026-04-13T16:11:51.960+05:30 DEBUG 24932 --- [git-sat] [           main] o.s.web.client.RestTemplate              : Accept=[application/json, application/*+json]
2026-04-13T16:11:52.034+05:30  INFO 24932 --- [git-sat] [o-auto-1-exec-1] o.a.c.c.C.[Tomcat].[localhost].[/]       : Initializing Spring DispatcherServlet 'dispatcherServlet'
2026-04-13T16:11:52.035+05:30  INFO 24932 --- [git-sat] [o-auto-1-exec-1] o.s.web.servlet.DispatcherServlet        : Initializing Servlet 'dispatcherServlet'
2026-04-13T16:11:52.035+05:30 DEBUG 24932 --- [git-sat] [o-auto-1-exec-1] o.s.web.servlet.DispatcherServlet        : Detected StandardServletMultipartResolver
2026-04-13T16:11:52.035+05:30 DEBUG 24932 --- [git-sat] [o-auto-1-exec-1] o.s.web.servlet.DispatcherServlet        : Detected AcceptHeaderLocaleResolver
2026-04-13T16:11:52.035+05:30 DEBUG 24932 --- [git-sat] [o-auto-1-exec-1] o.s.web.servlet.DispatcherServlet        : Detected FixedThemeResolver
2026-04-13T16:11:52.036+05:30 DEBUG 24932 --- [git-sat] [o-auto-1-exec-1] o.s.web.servlet.DispatcherServlet        : Detected org.springframework.web.servlet.view.DefaultRequestToViewNameTranslator@56f72909
2026-04-13T16:11:52.037+05:30 DEBUG 24932 --- [git-sat] [o-auto-1-exec-1] o.s.web.servlet.DispatcherServlet        : Detected org.springframework.web.servlet.support.SessionFlashMapManager@749f61a3
2026-04-13T16:11:52.037+05:30 DEBUG 24932 --- [git-sat] [o-auto-1-exec-1] o.s.web.servlet.DispatcherServlet        : enableLoggingRequestDetails='false': request parameters and headers will be masked to prevent unsafe logging of potentially sensitive data
2026-04-13T16:11:52.037+05:30  INFO 24932 --- [git-sat] [o-auto-1-exec-1] o.s.web.servlet.DispatcherServlet        : Completed initialization in 2 ms
2026-04-13T16:11:52.062+05:30  INFO 24932 --- [git-sat] [o-auto-1-exec-1] c.g.backend.config.RequestLoggingFilter  : Request hit: POST /auth/device-code
2026-04-13T16:11:52.064+05:30 DEBUG 24932 --- [git-sat] [o-auto-1-exec-1] o.s.web.servlet.DispatcherServlet        : POST "/auth/device-code", parameters={masked}
2026-04-13T16:11:52.067+05:30 DEBUG 24932 --- [git-sat] [o-auto-1-exec-1] s.w.s.m.m.a.RequestMappingHandlerMapping : Mapped to com.gitsat.backend.controller.AuthController#createDeviceCode()
2026-04-13T16:11:52.096+05:30 DEBUG 24932 --- [git-sat] [o-auto-1-exec-1] o.s.w.s.m.m.a.HttpEntityMethodProcessor  : Using 'application/json', given [application/json, application/*+json] and supported [application/json, application/*+json]
2026-04-13T16:11:52.106+05:30 DEBUG 24932 --- [git-sat] [o-auto-1-exec-1] o.s.w.s.m.m.a.HttpEntityMethodProcessor  : Writing [DeviceCodeResponse[deviceCode=UO5zJPI5AMX35VOKstFcnRJylu3Ufk0MNi4hkaZkHnY, userCode=NWUVGBR2, verifi (truncated)...]
2026-04-13T16:11:52.120+05:30 DEBUG 24932 --- [git-sat] [o-auto-1-exec-1] o.s.web.servlet.DispatcherServlet        : Completed 200 OK
2026-04-13T16:11:52.121+05:30 DEBUG 24932 --- [git-sat] [           main] o.s.web.client.RestTemplate              : Response 200 OK
2026-04-13T16:11:52.123+05:30 DEBUG 24932 --- [git-sat] [           main] o.s.web.client.RestTemplate              : Reading to [com.gitsat.backend.dto.DeviceCodeResponse]
]]></system-out>
    <system-err><![CDATA[WARNING: A Java agent has been loaded dynamically (C:\Users\HARSH\.m2\repository\net\bytebuddy\byte-buddy-agent\1.14.12\byte-buddy-agent-1.14.12.jar)
WARNING: If a serviceability tool is in use, please run with -XX:+EnableDynamicAgentLoading to hide this warning
WARNING: If a serviceability tool is not in use, please run with -Djdk.instrument.traceUsage for more information
WARNING: Dynamic loading of agents will be disallowed by default in a future release
]]></system-err>
  </testcase>
  <testcase name="signupPageLoadsAndFormSignupRedirectsWithCookie" classname="com.gitsat.backend.AuthControllerTest" time="0.172">
    <system-out><![CDATA[2026-04-13T16:11:52.210+05:30 DEBUG 24932 --- [git-sat] [           main] o.s.web.client.RestTemplate              : HTTP GET http://localhost:51602/signup
2026-04-13T16:11:52.210+05:30 DEBUG 24932 --- [git-sat] [           main] o.s.web.client.RestTemplate              : Accept=[text/plain, application/json, application/*+json, */*]
2026-04-13T16:11:52.212+05:30  INFO 24932 --- [git-sat] [o-auto-1-exec-2] c.g.backend.config.RequestLoggingFilter  : Request hit: GET /signup
2026-04-13T16:11:52.212+05:30 DEBUG 24932 --- [git-sat] [o-auto-1-exec-2] o.s.web.servlet.DispatcherServlet        : GET "/signup", parameters={}
2026-04-13T16:11:52.212+05:30 DEBUG 24932 --- [git-sat] [o-auto-1-exec-2] s.w.s.m.m.a.RequestMappingHandlerMapping : Mapped to com.gitsat.backend.controller.LoginPageController#signupPage(Authentication, String)
2026-04-13T16:11:52.224+05:30 DEBUG 24932 --- [git-sat] [o-auto-1-exec-2] o.s.w.s.v.ContentNegotiatingViewResolver : Selected '*/*' given [text/plain, application/json, application/*+json, */*]
2026-04-13T16:11:52.225+05:30 DEBUG 24932 --- [git-sat] [o-auto-1-exec-2] o.s.w.servlet.view.InternalResourceView  : View name 'forward:', model {}
2026-04-13T16:11:52.227+05:30 DEBUG 24932 --- [git-sat] [o-auto-1-exec-2] o.s.w.servlet.view.InternalResourceView  : Forwarding to [/signup.html]
2026-04-13T16:11:52.235+05:30 DEBUG 24932 --- [git-sat] [o-auto-1-exec-2] o.s.web.servlet.DispatcherServlet        : "FORWARD" dispatch for GET "/signup.html", parameters={}
2026-04-13T16:11:52.236+05:30 DEBUG 24932 --- [git-sat] [o-auto-1-exec-2] o.s.w.s.handler.SimpleUrlHandlerMapping  : Mapped to ResourceHttpRequestHandler [classpath [META-INF/resources/], classpath [resources/], classpath [static/], classpath [public/], ServletContext [/]]
2026-04-13T16:11:52.244+05:30 DEBUG 24932 --- [git-sat] [           main] o.s.web.client.RestTemplate              : Response 200 OK
2026-04-13T16:11:52.244+05:30 DEBUG 24932 --- [git-sat] [           main] o.s.web.client.RestTemplate              : Reading to [java.lang.String] as "text/html;charset=UTF-8"
2026-04-13T16:11:52.246+05:30 DEBUG 24932 --- [git-sat] [o-auto-1-exec-2] o.s.web.servlet.DispatcherServlet        : Exiting from "FORWARD" dispatch, status 200
2026-04-13T16:11:52.247+05:30 DEBUG 24932 --- [git-sat] [           main] o.s.web.client.RestTemplate              : HTTP POST http://localhost:51602/auth/signup-form
2026-04-13T16:11:52.247+05:30 DEBUG 24932 --- [git-sat] [o-auto-1-exec-2] o.s.web.servlet.DispatcherServlet        : Completed 200 OK
2026-04-13T16:11:52.247+05:30 DEBUG 24932 --- [git-sat] [           main] o.s.web.client.RestTemplate              : Accept=[text/plain, application/json, application/*+json, */*]
2026-04-13T16:11:52.249+05:30 DEBUG 24932 --- [git-sat] [           main] o.s.web.client.RestTemplate              : Writing [{name=[Signup User], email=[signup@example.com], password=[password123]}] as "application/x-www-form-urlencoded"
2026-04-13T16:11:52.267+05:30  INFO 24932 --- [git-sat] [o-auto-1-exec-3] c.g.backend.config.RequestLoggingFilter  : Request hit: POST /auth/signup-form
2026-04-13T16:11:52.267+05:30 DEBUG 24932 --- [git-sat] [o-auto-1-exec-3] o.s.web.servlet.DispatcherServlet        : POST "/auth/signup-form", parameters={masked}
2026-04-13T16:11:52.267+05:30 DEBUG 24932 --- [git-sat] [o-auto-1-exec-3] s.w.s.m.m.a.RequestMappingHandlerMapping : Mapped to com.gitsat.backend.controller.AuthController#signupForm(String, String, String, String, HttpServletResponse)
2026-04-13T16:11:52.374+05:30 DEBUG 24932 --- [git-sat] [o-auto-1-exec-3] o.s.w.s.m.m.a.HttpEntityMethodProcessor  : Using 'application/json', given [text/plain, application/json, application/*+json, */*] and supported [application/json, application/*+json]
2026-04-13T16:11:52.375+05:30 DEBUG 24932 --- [git-sat] [o-auto-1-exec-3] o.s.w.s.m.m.a.HttpEntityMethodProcessor  : Nothing to write: null body
2026-04-13T16:11:52.375+05:30 DEBUG 24932 --- [git-sat] [o-auto-1-exec-3] o.s.web.servlet.DispatcherServlet        : Completed 303 SEE_OTHER
2026-04-13T16:11:52.376+05:30 DEBUG 24932 --- [git-sat] [           main] o.s.web.client.RestTemplate              : Response 303 SEE_OTHER
]]></system-out>
  </testcase>
  <testcase name="downloadSetupReturnsInstallerAttachment" classname="com.gitsat.backend.AuthControllerTest" time="0.096">
    <system-out><![CDATA[2026-04-13T16:11:52.382+05:30 DEBUG 24932 --- [git-sat] [           main] o.s.web.client.RestTemplate              : HTTP GET http://localhost:51602/download/setup
2026-04-13T16:11:52.385+05:30 DEBUG 24932 --- [git-sat] [           main] o.s.web.client.RestTemplate              : Accept=[application/octet-stream, application/json, application/*+json, */*]
2026-04-13T16:11:52.386+05:30  INFO 24932 --- [git-sat] [o-auto-1-exec-4] c.g.backend.config.RequestLoggingFilter  : Request hit: GET /download/setup
2026-04-13T16:11:52.386+05:30 DEBUG 24932 --- [git-sat] [o-auto-1-exec-4] o.s.web.servlet.DispatcherServlet        : GET "/download/setup", parameters={}
2026-04-13T16:11:52.386+05:30 DEBUG 24932 --- [git-sat] [o-auto-1-exec-4] s.w.s.m.m.a.RequestMappingHandlerMapping : Mapped to com.gitsat.backend.controller.LoginPageController#downloadSetup()
2026-04-13T16:11:52.389+05:30 DEBUG 24932 --- [git-sat] [o-auto-1-exec-4] o.s.w.s.m.m.a.HttpEntityMethodProcessor  : Found 'Content-Type:application/octet-stream' in response
2026-04-13T16:11:52.390+05:30 DEBUG 24932 --- [git-sat] [o-auto-1-exec-4] o.s.w.s.m.m.a.HttpEntityMethodProcessor  : Writing [class path resource [setup/git-sat-setup-1.0.0.exe]]
2026-04-13T16:11:52.391+05:30 DEBUG 24932 --- [git-sat] [           main] o.s.web.client.RestTemplate              : Response 200 OK
2026-04-13T16:11:52.392+05:30 DEBUG 24932 --- [git-sat] [           main] o.s.web.client.RestTemplate              : Reading to [[B] as "application/octet-stream"
2026-04-13T16:11:52.459+05:30 DEBUG 24932 --- [git-sat] [o-auto-1-exec-4] o.s.web.servlet.DispatcherServlet        : Completed 200 OK
]]></system-out>
  </testcase>
  <testcase name="failedLoginFormRedirectsToSignupWithEmailAndNext" classname="com.gitsat.backend.AuthControllerTest" time="0.016">
    <system-out><![CDATA[2026-04-13T16:11:52.480+05:30 DEBUG 24932 --- [git-sat] [           main] o.s.web.client.RestTemplate              : HTTP POST http://localhost:51602/auth/login-form
2026-04-13T16:11:52.480+05:30 DEBUG 24932 --- [git-sat] [           main] o.s.web.client.RestTemplate              : Accept=[text/plain, application/json, application/*+json, */*]
2026-04-13T16:11:52.480+05:30 DEBUG 24932 --- [git-sat] [           main] o.s.web.client.RestTemplate              : Writing [{email=[new-user@example.com], password=[password123], next=[/device?user_code=ABCD1234]}] as "application/x-www-form-urlencoded"
2026-04-13T16:11:52.483+05:30  INFO 24932 --- [git-sat] [o-auto-1-exec-5] c.g.backend.config.RequestLoggingFilter  : Request hit: POST /auth/login-form
2026-04-13T16:11:52.484+05:30 DEBUG 24932 --- [git-sat] [o-auto-1-exec-5] o.s.web.servlet.DispatcherServlet        : POST "/auth/login-form", parameters={masked}
[...]
2026-04-13T16:11:53.430+05:30 DEBUG 24932 --- [git-sat] [o-auto-1-exec-2] m.m.a.RequestResponseBodyMethodProcessor : Read "application/json;charset=UTF-8" to [DeviceVerificationRequest[deviceCode=5FkAuAejrFGah37lEzS41TLGXNNtTzu7yjadJRpK_5M]]
2026-04-13T16:11:53.431+05:30 DEBUG 24932 --- [git-sat] [o-auto-1-exec-2] o.s.w.s.m.m.a.HttpEntityMethodProcessor  : Using 'application/json', given [application/json, application/*+json] and supported [application/json, application/*+json]
2026-04-13T16:11:53.431+05:30 DEBUG 24932 --- [git-sat] [o-auto-1-exec-2] o.s.w.s.m.m.a.HttpEntityMethodProcessor  : Writing [DeviceVerificationResponse[accessToken=null, refreshToken=null, expiresIn=null, error=authorization_ (truncated)...]
2026-04-13T16:11:53.431+05:30 DEBUG 24932 --- [git-sat] [o-auto-1-exec-2] o.s.web.servlet.DispatcherServlet        : Completed 400 BAD_REQUEST
2026-04-13T16:11:53.435+05:30 DEBUG 24932 --- [git-sat] [           main] o.s.web.client.RestTemplate              : Response 400 BAD_REQUEST
2026-04-13T16:11:53.436+05:30 DEBUG 24932 --- [git-sat] [           main] o.s.web.client.RestTemplate              : Reading to [com.gitsat.backend.dto.DeviceVerificationResponse]
2026-04-13T16:11:53.436+05:30 DEBUG 24932 --- [git-sat] [           main] o.s.web.client.RestTemplate              : HTTP POST http://localhost:51602/auth/register
2026-04-13T16:11:53.437+05:30 DEBUG 24932 --- [git-sat] [           main] o.s.web.client.RestTemplate              : Accept=[application/json, application/*+json]
2026-04-13T16:11:53.437+05:30 DEBUG 24932 --- [git-sat] [           main] o.s.web.client.RestTemplate              : Writing [RegisterRequest[name=CLI User, email=cli@example.com, password=password123]] with org.springframework.http.converter.json.MappingJackson2HttpMessageConverter
2026-04-13T16:11:53.439+05:30  INFO 24932 --- [git-sat] [o-auto-1-exec-3] c.g.backend.config.RequestLoggingFilter  : Request hit: POST /auth/register
2026-04-13T16:11:53.440+05:30 DEBUG 24932 --- [git-sat] [o-auto-1-exec-3] o.s.web.servlet.DispatcherServlet        : POST "/auth/register", parameters={}
2026-04-13T16:11:53.440+05:30 DEBUG 24932 --- [git-sat] [o-auto-1-exec-3] s.w.s.m.m.a.RequestMappingHandlerMapping : Mapped to com.gitsat.backend.controller.AuthController#register(RegisterRequest, HttpServletResponse)
2026-04-13T16:11:53.440+05:30 DEBUG 24932 --- [git-sat] [o-auto-1-exec-3] m.m.a.RequestResponseBodyMethodProcessor : Read "application/json;charset=UTF-8" to [RegisterRequest[name=CLI User, email=cli@example.com, password=password123]]
2026-04-13T16:11:53.517+05:30 DEBUG 24932 --- [git-sat] [o-auto-1-exec-3] o.s.w.s.m.m.a.HttpEntityMethodProcessor  : Using 'application/json', given [application/json, application/*+json] and supported [application/json, application/*+json]
2026-04-13T16:11:53.517+05:30 DEBUG 24932 --- [git-sat] [o-auto-1-exec-3] o.s.w.s.m.m.a.HttpEntityMethodProcessor  : Writing [AuthResponse[email=cli@example.com, name=CLI User, message=Registration successful.]]
2026-04-13T16:11:53.518+05:30 DEBUG 24932 --- [git-sat] [o-auto-1-exec-3] o.s.web.servlet.DispatcherServlet        : Completed 201 CREATED
2026-04-13T16:11:53.518+05:30 DEBUG 24932 --- [git-sat] [           main] o.s.web.client.RestTemplate              : Response 201 CREATED
2026-04-13T16:11:53.518+05:30 DEBUG 24932 --- [git-sat] [           main] o.s.web.client.RestTemplate              : Reading to [com.gitsat.backend.dto.AuthResponse]
2026-04-13T16:11:53.519+05:30 DEBUG 24932 --- [git-sat] [           main] o.s.web.client.RestTemplate              : HTTP POST http://localhost:51602/auth/activate-device
2026-04-13T16:11:53.520+05:30 DEBUG 24932 --- [git-sat] [           main] o.s.web.client.RestTemplate              : Accept=[application/json, application/*+json]
2026-04-13T16:11:53.521+05:30 DEBUG 24932 --- [git-sat] [           main] o.s.web.client.RestTemplate              : Writing [ActivateDeviceRequest[userCode=GWHET29J]] with org.springframework.http.converter.json.MappingJackson2HttpMessageConverter
2026-04-13T16:11:53.541+05:30  INFO 24932 --- [git-sat] [o-auto-1-exec-4] c.g.backend.config.RequestLoggingFilter  : Request hit: POST /auth/activate-device
2026-04-13T16:11:53.541+05:30 DEBUG 24932 --- [git-sat] [o-auto-1-exec-4] o.s.web.servlet.DispatcherServlet        : POST "/auth/activate-device", parameters={}
2026-04-13T16:11:53.541+05:30 DEBUG 24932 --- [git-sat] [o-auto-1-exec-4] s.w.s.m.m.a.RequestMappingHandlerMapping : Mapped to com.gitsat.backend.controller.AuthController#activateDevice(ActivateDeviceRequest, Authentication)
2026-04-13T16:11:53.544+05:30 DEBUG 24932 --- [git-sat] [o-auto-1-exec-4] m.m.a.RequestResponseBodyMethodProcessor : Read "application/json;charset=UTF-8" to [ActivateDeviceRequest[userCode=GWHET29J]]
2026-04-13T16:11:53.548+05:30 DEBUG 24932 --- [git-sat] [o-auto-1-exec-4] o.s.w.s.m.m.a.HttpEntityMethodProcessor  : Using 'application/json', given [application/json, application/*+json] and supported [application/json, application/*+json]
2026-04-13T16:11:53.549+05:30 DEBUG 24932 --- [git-sat] [o-auto-1-exec-4] o.s.w.s.m.m.a.HttpEntityMethodProcessor  : Writing [DeviceActivationResponse[message=Device approved.]]
2026-04-13T16:11:53.550+05:30 DEBUG 24932 --- [git-sat] [o-auto-1-exec-4] o.s.web.servlet.DispatcherServlet        : Completed 200 OK
2026-04-13T16:11:53.550+05:30 DEBUG 24932 --- [git-sat] [           main] o.s.web.client.RestTemplate              : Response 200 OK
2026-04-13T16:11:53.551+05:30 DEBUG 24932 --- [git-sat] [           main] o.s.web.client.RestTemplate              : Reading to [com.gitsat.backend.dto.DeviceActivationResponse]
2026-04-13T16:11:53.553+05:30 DEBUG 24932 --- [git-sat] [           main] o.s.web.client.RestTemplate              : HTTP POST http://localhost:51602/auth/verify-device-code
2026-04-13T16:11:53.553+05:30 DEBUG 24932 --- [git-sat] [           main] o.s.web.client.RestTemplate              : Accept=[application/json, application/*+json]
2026-04-13T16:11:53.553+05:30 DEBUG 24932 --- [git-sat] [           main] o.s.web.client.RestTemplate              : Writing [DeviceVerificationRequest[deviceCode=5FkAuAejrFGah37lEzS41TLGXNNtTzu7yjadJRpK_5M]] with org.springframework.http.converter.json.MappingJackson2HttpMessageConverter
2026-04-13T16:11:53.568+05:30  INFO 24932 --- [git-sat] [o-auto-1-exec-5] c.g.backend.config.RequestLoggingFilter  : Request hit: POST /auth/verify-device-code
2026-04-13T16:11:53.568+05:30 DEBUG 24932 --- [git-sat] [o-auto-1-exec-5] o.s.web.servlet.DispatcherServlet        : POST "/auth/verify-device-code", parameters={}
2026-04-13T16:11:53.568+05:30 DEBUG 24932 --- [git-sat] [o-auto-1-exec-5] s.w.s.m.m.a.RequestMappingHandlerMapping : Mapped to com.gitsat.backend.controller.AuthController#verifyDeviceCode(DeviceVerificationRequest)
2026-04-13T16:11:53.569+05:30 DEBUG 24932 --- [git-sat] [o-auto-1-exec-5] m.m.a.RequestResponseBodyMethodProcessor : Read "application/json;charset=UTF-8" to [DeviceVerificationRequest[deviceCode=5FkAuAejrFGah37lEzS41TLGXNNtTzu7yjadJRpK_5M]]
2026-04-13T16:11:53.570+05:30 DEBUG 24932 --- [git-sat] [o-auto-1-exec-5] o.s.w.s.m.m.a.HttpEntityMethodProcessor  : Using 'application/json', given [application/json, application/*+json] and supported [application/json, application/*+json]
2026-04-13T16:11:53.570+05:30 DEBUG 24932 --- [git-sat] [o-auto-1-exec-5] o.s.w.s.m.m.a.HttpEntityMethodProcessor  : Writing [DeviceVerificationResponse[accessToken=eyJ0eXAiOiJKV1QiLCJhbGciOiJIUzI1NiJ9.eyJzdWIiOiJjbGlAZXhhbXBs (truncated)...]
2026-04-13T16:11:53.571+05:30 DEBUG 24932 --- [git-sat] [o-auto-1-exec-5] o.s.web.servlet.DispatcherServlet        : Completed 200 OK
2026-04-13T16:11:53.571+05:30 DEBUG 24932 --- [git-sat] [           main] o.s.web.client.RestTemplate              : Response 200 OK
2026-04-13T16:11:53.571+05:30 DEBUG 24932 --- [git-sat] [           main] o.s.web.client.RestTemplate              : Reading to [com.gitsat.backend.dto.DeviceVerificationResponse]
2026-04-13T16:11:53.572+05:30 DEBUG 24932 --- [git-sat] [           main] o.s.web.client.RestTemplate              : HTTP GET http://localhost:51602/auth/me
2026-04-13T16:11:53.572+05:30 DEBUG 24932 --- [git-sat] [           main] o.s.web.client.RestTemplate              : Accept=[application/json, application/*+json]
2026-04-13T16:11:53.574+05:30  INFO 24932 --- [git-sat] [o-auto-1-exec-7] c.g.backend.config.RequestLoggingFilter  : Request hit: GET /auth/me
2026-04-13T16:11:53.575+05:30 DEBUG 24932 --- [git-sat] [o-auto-1-exec-7] o.s.web.servlet.DispatcherServlet        : GET "/auth/me", parameters={}
2026-04-13T16:11:53.575+05:30 DEBUG 24932 --- [git-sat] [o-auto-1-exec-7] s.w.s.m.m.a.RequestMappingHandlerMapping : Mapped to com.gitsat.backend.controller.AuthController#me(Authentication)
2026-04-13T16:11:53.575+05:30 DEBUG 24932 --- [git-sat] [o-auto-1-exec-7] o.s.w.s.m.m.a.HttpEntityMethodProcessor  : Using 'application/json', given [application/json, application/*+json] and supported [application/json, application/*+json]
2026-04-13T16:11:53.575+05:30 DEBUG 24932 --- [git-sat] [o-auto-1-exec-7] o.s.w.s.m.m.a.HttpEntityMethodProcessor  : Writing [AuthResponse[email=cli@example.com, name=CLI User, message=Authenticated.]]
2026-04-13T16:11:53.576+05:30 DEBUG 24932 --- [git-sat] [o-auto-1-exec-7] o.s.web.servlet.DispatcherServlet        : Completed 200 OK
2026-04-13T16:11:53.576+05:30 DEBUG 24932 --- [git-sat] [           main] o.s.web.client.RestTemplate              : Response 200 OK
2026-04-13T16:11:53.576+05:30 DEBUG 24932 --- [git-sat] [           main] o.s.web.client.RestTemplate              : Reading to [com.gitsat.backend.dto.AuthResponse]
2026-04-13T16:11:53.577+05:30 DEBUG 24932 --- [git-sat] [           main] o.s.web.client.RestTemplate              : HTTP POST http://localhost:51602/auth/refresh
2026-04-13T16:11:53.579+05:30 DEBUG 24932 --- [git-sat] [           main] o.s.web.client.RestTemplate              : Accept=[application/json, application/*+json]
2026-04-13T16:11:53.580+05:30 DEBUG 24932 --- [git-sat] [           main] o.s.web.client.RestTemplate              : Writing [RefreshTokenRequest[refreshToken=eyJ0eXAiOiJKV1QiLCJhbGciOiJIUzI1NiJ9.eyJzdWIiOiJjbGlAZXhhbXBsZS5jb20iLCJ1aWQiOiJjODJjYTQ3NS0xNzU3LTQ0YzktYmYzYy1kN2E3NDQxMTVhZjQiLCJuYW1lIjoiQ0xJIFVzZXIiLCJ0b2tlbl90eXBlIjoicmVmcmVzaCIsImlhdCI6MTc3NjA3NjkxMywiZXhwIjoxNzc4NjY4OTEzfQ.9oqdOZnk9qzHDQMQwDk5_wcbWpoFrDKiWZtcKz2cToY]] with org.springframework.http.converter.json.MappingJackson2HttpMessageConverter
2026-04-13T16:11:53.586+05:30  INFO 24932 --- [git-sat] [o-auto-1-exec-6] c.g.backend.config.RequestLoggingFilter  : Request hit: POST /auth/refresh
2026-04-13T16:11:53.586+05:30 DEBUG 24932 --- [git-sat] [o-auto-1-exec-6] o.s.web.servlet.DispatcherServlet        : POST "/auth/refresh", parameters={}
2026-04-13T16:11:53.586+05:30 DEBUG 24932 --- [git-sat] [o-auto-1-exec-6] s.w.s.m.m.a.RequestMappingHandlerMapping : Mapped to com.gitsat.backend.controller.AuthController#refresh(RefreshTokenRequest)
2026-04-13T16:11:53.589+05:30 DEBUG 24932 --- [git-sat] [o-auto-1-exec-6] m.m.a.RequestResponseBodyMethodProcessor : Read "application/json;charset=UTF-8" to [RefreshTokenRequest[refreshToken=eyJ0eXAiOiJKV1QiLCJhbGciOiJIUzI1NiJ9.eyJzdWIiOiJjbGlAZXhhbXBsZS5jb2 (truncated)...]
2026-04-13T16:11:53.591+05:30 DEBUG 24932 --- [git-sat] [o-auto-1-exec-6] o.s.w.s.m.m.a.HttpEntityMethodProcessor  : Using 'application/json', given [application/json, application/*+json] and supported [application/json, application/*+json]
2026-04-13T16:11:53.593+05:30 DEBUG 24932 --- [git-sat] [o-auto-1-exec-6] o.s.w.s.m.m.a.HttpEntityMethodProcessor  : Writing [RefreshTokenResponse[accessToken=eyJ0eXAiOiJKV1QiLCJhbGciOiJIUzI1NiJ9.eyJzdWIiOiJjbGlAZXhhbXBsZS5jb2 (truncated)...]
2026-04-13T16:11:53.593+05:30 DEBUG 24932 --- [git-sat] [o-auto-1-exec-6] o.s.web.servlet.DispatcherServlet        : Completed 200 OK
2026-04-13T16:11:53.593+05:30 DEBUG 24932 --- [git-sat] [           main] o.s.web.client.RestTemplate              : Response 200 OK
2026-04-13T16:11:53.594+05:30 DEBUG 24932 --- [git-sat] [           main] o.s.web.client.RestTemplate              : Reading to [com.gitsat.backend.dto.RefreshTokenResponse]
2026-04-13T16:11:53.595+05:30 DEBUG 24932 --- [git-sat] [           main] o.s.web.client.RestTemplate              : HTTP POST http://localhost:51602/auth/verify-device-code
2026-04-13T16:11:53.595+05:30 DEBUG 24932 --- [git-sat] [           main] o.s.web.client.RestTemplate              : Accept=[application/json, application/*+json]
2026-04-13T16:11:53.595+05:30 DEBUG 24932 --- [git-sat] [           main] o.s.web.client.RestTemplate              : Writing [DeviceVerificationRequest[deviceCode=5FkAuAejrFGah37lEzS41TLGXNNtTzu7yjadJRpK_5M]] with org.springframework.http.converter.json.MappingJackson2HttpMessageConverter
2026-04-13T16:11:53.600+05:30  INFO 24932 --- [git-sat] [o-auto-1-exec-9] c.g.backend.config.RequestLoggingFilter  : Request hit: POST /auth/verify-device-code
2026-04-13T16:11:53.600+05:30 DEBUG 24932 --- [git-sat] [o-auto-1-exec-9] o.s.web.servlet.DispatcherServlet        : POST "/auth/verify-device-code", parameters={}
2026-04-13T16:11:53.600+05:30 DEBUG 24932 --- [git-sat] [o-auto-1-exec-9] s.w.s.m.m.a.RequestMappingHandlerMapping : Mapped to com.gitsat.backend.controller.AuthController#verifyDeviceCode(DeviceVerificationRequest)
2026-04-13T16:11:53.601+05:30 DEBUG 24932 --- [git-sat] [o-auto-1-exec-9] m.m.a.RequestResponseBodyMethodProcessor : Read "application/json;charset=UTF-8" to [DeviceVerificationRequest[deviceCode=5FkAuAejrFGah37lEzS41TLGXNNtTzu7yjadJRpK_5M]]
2026-04-13T16:11:53.602+05:30 DEBUG 24932 --- [git-sat] [o-auto-1-exec-9] o.s.w.s.m.m.a.HttpEntityMethodProcessor  : Using 'application/json', given [application/json, application/*+json] and supported [application/json, application/*+json]
2026-04-13T16:11:53.602+05:30 DEBUG 24932 --- [git-sat] [o-auto-1-exec-9] o.s.w.s.m.m.a.HttpEntityMethodProcessor  : Writing [DeviceVerificationResponse[accessToken=null, refreshToken=null, expiresIn=null, error=invalid_grant]]
2026-04-13T16:11:53.602+05:30 DEBUG 24932 --- [git-sat] [o-auto-1-exec-9] o.s.web.servlet.DispatcherServlet        : Completed 400 BAD_REQUEST
2026-04-13T16:11:53.602+05:30 DEBUG 24932 --- [git-sat] [           main] o.s.web.client.RestTemplate              : Response 400 BAD_REQUEST
2026-04-13T16:11:53.603+05:30 DEBUG 24932 --- [git-sat] [           main] o.s.web.client.RestTemplate              : Reading to [com.gitsat.backend.dto.DeviceVerificationResponse]
]]></system-out>
  </testcase>
  <testcase name="authenticatedFormActivationRejectsInvalidCode" classname="com.gitsat.backend.AuthControllerTest" time="0.106">
    <system-out><![CDATA[2026-04-13T16:11:53.608+05:30 DEBUG 24932 --- [git-sat] [           main] o.s.web.client.RestTemplate              : HTTP POST http://localhost:51602/auth/register
2026-04-13T16:11:53.609+05:30 DEBUG 24932 --- [git-sat] [           main] o.s.web.client.RestTemplate              : Accept=[application/json, application/*+json]
2026-04-13T16:11:53.609+05:30 DEBUG 24932 --- [git-sat] [           main] o.s.web.client.RestTemplate              : Writing [RegisterRequest[name=Browser User, email=invalid-code@example.com, password=password123]] with org.springframework.http.converter.json.MappingJackson2HttpMessageConverter
2026-04-13T16:11:53.611+05:30  INFO 24932 --- [git-sat] [o-auto-1-exec-8] c.g.backend.config.RequestLoggingFilter  : Request hit: POST /auth/register
2026-04-13T16:11:53.611+05:30 DEBUG 24932 --- [git-sat] [o-auto-1-exec-8] o.s.web.servlet.DispatcherServlet        : POST "/auth/register", parameters={}
2026-04-13T16:11:53.611+05:30 DEBUG 24932 --- [git-sat] [o-auto-1-exec-8] s.w.s.m.m.a.RequestMappingHandlerMapping : Mapped to com.gitsat.backend.controller.AuthController#register(RegisterRequest, HttpServletResponse)
2026-04-13T16:11:53.611+05:30 DEBUG 24932 --- [git-sat] [o-auto-1-exec-8] m.m.a.RequestResponseBodyMethodProcessor : Read "application/json;charset=UTF-8" to [RegisterRequest[name=Browser User, email=invalid-code@example.com, password=password123]]
2026-04-13T16:11:53.690+05:30 DEBUG 24932 --- [git-sat] [o-auto-1-exec-8] o.s.w.s.m.m.a.HttpEntityMethodProcessor  : Using 'application/json', given [application/json, application/*+json] and supported [application/json, application/*+json]
2026-04-13T16:11:53.690+05:30 DEBUG 24932 --- [git-sat] [o-auto-1-exec-8] o.s.w.s.m.m.a.HttpEntityMethodProcessor  : Writing [AuthResponse[email=invalid-code@example.com, name=Browser User, message=Registration successful.]]
2026-04-13T16:11:53.691+05:30 DEBUG 24932 --- [git-sat] [           main] o.s.web.client.RestTemplate              : Response 201 CREATED
2026-04-13T16:11:53.691+05:30 DEBUG 24932 --- [git-sat] [o-auto-1-exec-8] o.s.web.servlet.DispatcherServlet        : Completed 201 CREATED
2026-04-13T16:11:53.692+05:30 DEBUG 24932 --- [git-sat] [           main] o.s.web.client.RestTemplate              : Reading to [com.gitsat.backend.dto.AuthResponse]
2026-04-13T16:11:53.693+05:30 DEBUG 24932 --- [git-sat] [           main] o.s.web.client.RestTemplate              : HTTP POST http://localhost:51602/auth/activate-device
2026-04-13T16:11:53.693+05:30 DEBUG 24932 --- [git-sat] [           main] o.s.web.client.RestTemplate              : Accept=[text/plain, application/json, application/*+json, */*]
2026-04-13T16:11:53.693+05:30 DEBUG 24932 --- [git-sat] [           main] o.s.web.client.RestTemplate              : Writing [{user_code=[INVALID000]}] as "application/x-www-form-urlencoded"
2026-04-13T16:11:53.707+05:30  INFO 24932 --- [git-sat] [-auto-1-exec-10] c.g.backend.config.RequestLoggingFilter  : Request hit: POST /auth/activate-device
2026-04-13T16:11:53.708+05:30 DEBUG 24932 --- [git-sat] [-auto-1-exec-10] o.s.web.servlet.DispatcherServlet        : POST "/auth/activate-device", parameters={masked}
2026-04-13T16:11:53.708+05:30 DEBUG 24932 --- [git-sat] [-auto-1-exec-10] s.w.s.m.m.a.RequestMappingHandlerMapping : Mapped to com.gitsat.backend.controller.AuthController#activateDeviceForm(String, Authentication)
2026-04-13T16:11:53.709+05:30 DEBUG 24932 --- [git-sat] [-auto-1-exec-10] o.s.w.s.m.m.a.HttpEntityMethodProcessor  : Using 'application/json', given [text/plain, application/json, application/*+json, */*] and supported [application/json, application/*+json]
2026-04-13T16:11:53.709+05:30 DEBUG 24932 --- [git-sat] [-auto-1-exec-10] o.s.w.s.m.m.a.HttpEntityMethodProcessor  : Nothing to write: null body
2026-04-13T16:11:53.709+05:30 DEBUG 24932 --- [git-sat] [-auto-1-exec-10] o.s.web.servlet.DispatcherServlet        : Completed 303 SEE_OTHER
2026-04-13T16:11:53.709+05:30 DEBUG 24932 --- [git-sat] [           main] o.s.web.client.RestTemplate              : Response 303 SEE_OTHER
]]></system-out>
  </testcase>
  <testcase name="unauthenticatedDevicePageRedirectsToLogin" classname="com.gitsat.backend.AuthControllerTest" time="0.079">
    <system-out><![CDATA[2026-04-13T16:11:53.766+05:30  INFO 24932 --- [git-sat] [o-auto-1-exec-1] c.g.backend.config.RequestLoggingFilter  : Request hit: GET /device
2026-04-13T16:11:53.766+05:30 DEBUG 24932 --- [git-sat] [o-auto-1-exec-1] o.s.web.servlet.DispatcherServlet        : GET "/device?user_code=ABCD1234", parameters={masked}
2026-04-13T16:11:53.767+05:30 DEBUG 24932 --- [git-sat] [o-auto-1-exec-1] s.w.s.m.m.a.RequestMappingHandlerMapping : Mapped to com.gitsat.backend.controller.DevicePageController#devicePage(Authentication, HttpServletRequest)
2026-04-13T16:11:53.769+05:30 DEBUG 24932 --- [git-sat] [o-auto-1-exec-1] o.s.web.servlet.view.RedirectView        : View name 'redirect:', model {}
2026-04-13T16:11:53.770+05:30 DEBUG 24932 --- [git-sat] [o-auto-1-exec-1] o.s.web.servlet.DispatcherServlet        : Completed 302 FOUND
]]></system-out>
  </testcase>
</testsuite>